2023/11/08 15:47:26 RIP: [HG1WF-2N96F] YANG model "ietf-inet-types@*" "*@*"not embedded, trying external file
2023/11/08 15:47:26 RIP: [HG1WF-2N96F] YANG model "ietf-yang-types@*" "*@*"not embedded, trying external file
2023/11/08 15:47:26 RIP: [HG1WF-2N96F] YANG model "ietf-yang-types@*" "*@*"not embedded, trying external file
2023/11/08 15:47:26 RIP: [HG1WF-2N96F] YANG model "ietf-yang-types@*" "*@*"not embedded, trying external file
2023/11/08 15:47:26 RIP: [HG1WF-2N96F] YANG model "ietf-inet-types@*" "*@*"not embedded, trying external file
2023/11/08 15:47:26 RIP: [HG1WF-2N96F] YANG model "ietf-yang-types@*" "*@*"not embedded, trying external file
2023/11/08 15:47:26 RIP: [HG1WF-2N96F] YANG model "ietf-inet-types@*" "*@*"not embedded, trying external file
2023/11/08 15:47:26 RIP: [HG1WF-2N96F] YANG model "ietf-inet-types@*" "*@*"not embedded, trying external file
2023/11/08 15:47:26 RIP: [T83RR-8SM5G] ripd 8.1 starting: vty@2602
2023/11/08 15:47:26 RIP: [RS5M6-AEER6][EC 100663317] vty_read_config: failed to open configuration file /etc/frr/frr.conf: No such file or directory, checking backup
2023/11/08 15:47:26 RIP: [VDWX6-W8CNF][EC 100663304] vty_read_config: can't open configuration file [/etc/frr/frr.conf]
2023/11/08 15:50:00 RIP: [HG1WF-2N96F] YANG model "ietf-inet-types@*" "*@*"not embedded, trying external file
2023/11/08 15:50:00 RIP: [HG1WF-2N96F] YANG model "ietf-yang-types@*" "*@*"not embedded, trying external file
2023/11/08 15:50:00 RIP: [HG1WF-2N96F] YANG model "ietf-yang-types@*" "*@*"not embedded, trying external file
2023/11/08 15:50:00 RIP: [HG1WF-2N96F] YANG model "ietf-yang-types@*" "*@*"not embedded, trying external file
2023/11/08 15:50:00 RIP: [HG1WF-2N96F] YANG model "ietf-inet-types@*" "*@*"not embedded, trying external file
2023/11/08 15:50:00 RIP: [HG1WF-2N96F] YANG model "ietf-yang-types@*" "*@*"not embedded, trying external file
2023/11/08 15:50:00 RIP: [HG1WF-2N96F] YANG model "ietf-inet-types@*" "*@*"not embedded, trying external file
2023/11/08 15:50:00 RIP: [HG1WF-2N96F] YANG model "ietf-inet-types@*" "*@*"not embedded, trying external file
2023/11/08 15:50:00 RIP: [T83RR-8SM5G] ripd 8.1 starting: vty@2602
2023/11/08 15:50:00 RIP: [RS5M6-AEER6][EC 100663317] vty_read_config: failed to open configuration file /etc/frr/frr.conf: No such file or directory, checking backup
2023/11/08 15:50:00 RIP: [VDWX6-W8CNF][EC 100663304] vty_read_config: can't open configuration file [/etc/frr/frr.conf]
