2023/11/08 15:47:26 ZEBRA: [HG1WF-2N96F] YANG model "ietf-inet-types@*" "*@*"not embedded, trying external file
2023/11/08 15:47:26 ZEBRA: [HG1WF-2N96F] YANG model "ietf-yang-types@*" "*@*"not embedded, trying external file
2023/11/08 15:47:26 ZEBRA: [HG1WF-2N96F] YANG model "ietf-yang-types@*" "*@*"not embedded, trying external file
2023/11/08 15:47:26 ZEBRA: [HG1WF-2N96F] YANG model "ietf-yang-types@*" "*@*"not embedded, trying external file
2023/11/08 15:47:26 ZEBRA: [HG1WF-2N96F] YANG model "ietf-inet-types@*" "*@*"not embedded, trying external file
2023/11/08 15:47:26 ZEBRA: [HG1WF-2N96F] YANG model "ietf-yang-types@*" "*@*"not embedded, trying external file
2023/11/08 15:47:26 ZEBRA: [HG1WF-2N96F] YANG model "ietf-inet-types@*" "*@*"not embedded, trying external file
2023/11/08 15:47:26 ZEBRA: [HG1WF-2N96F] YANG model "ietf-inet-types@*" "*@*"not embedded, trying external file
2023/11/08 15:47:26 ZEBRA: [HG1WF-2N96F] YANG model "ietf-yang-types@*" "*@*"not embedded, trying external file
2023/11/08 15:47:26 ZEBRA: [HG1WF-2N96F] YANG model "ietf-inet-types@*" "*@*"not embedded, trying external file
2023/11/08 15:47:26 ZEBRA: [HG1WF-2N96F] YANG model "ietf-inet-types@*" "*@*"not embedded, trying external file
2023/11/08 15:47:26 ZEBRA: [HG1WF-2N96F] YANG model "ietf-yang-types@*" "*@*"not embedded, trying external file
2023/11/08 15:47:26 ZEBRA: [HG1WF-2N96F] YANG model "ietf-inet-types@*" "*@*"not embedded, trying external file
2023/11/08 15:47:26 ZEBRA: [VMBPM-Q87BB] Setting netlink socket receive buffer size: 212992 -> 8388608
2023/11/08 15:47:26 ZEBRA: [VMBPM-Q87BB] Setting netlink socket receive buffer size: 212992 -> 8388608
2023/11/08 15:47:26 ZEBRA: [VMBPM-Q87BB] Setting netlink socket receive buffer size: 212992 -> 8388608
2023/11/08 15:47:26 ZEBRA: [VMBPM-Q87BB] Setting netlink socket receive buffer size: 212992 -> 8388608
2023/11/08 15:47:26 ZEBRA: [NNACN-54BDA][EC 4043309110] Disabling MPLS support (no kernel support)
2023/11/08 15:47:26 ZEBRA: [T83RR-8SM5G] zebra 8.1 starting: vty@2601
2023/11/08 15:47:26 ZEBRA: [RS5M6-AEER6][EC 100663317] vty_read_config: failed to open configuration file /etc/frr/frr.conf: No such file or directory, checking backup
2023/11/08 15:47:26 ZEBRA: [VDWX6-W8CNF][EC 100663304] vty_read_config: can't open configuration file [/etc/frr/frr.conf]
2023/11/08 15:47:26 ZEBRA: [V98V0-MTWPF] client 16 says hello and bids fair to announce only rip routes vrf=0
2023/11/08 15:47:26 ZEBRA: [V98V0-MTWPF] client 33 says hello and bids fair to announce only bgp routes vrf=0
2023/11/08 15:47:26 ZEBRA: [V98V0-MTWPF] client 36 says hello and bids fair to announce only vnc routes vrf=0
2023/11/08 15:50:00 ZEBRA: [HG1WF-2N96F] YANG model "ietf-inet-types@*" "*@*"not embedded, trying external file
2023/11/08 15:50:00 ZEBRA: [HG1WF-2N96F] YANG model "ietf-yang-types@*" "*@*"not embedded, trying external file
2023/11/08 15:50:00 ZEBRA: [HG1WF-2N96F] YANG model "ietf-yang-types@*" "*@*"not embedded, trying external file
2023/11/08 15:50:00 ZEBRA: [HG1WF-2N96F] YANG model "ietf-yang-types@*" "*@*"not embedded, trying external file
2023/11/08 15:50:00 ZEBRA: [HG1WF-2N96F] YANG model "ietf-inet-types@*" "*@*"not embedded, trying external file
2023/11/08 15:50:00 ZEBRA: [HG1WF-2N96F] YANG model "ietf-yang-types@*" "*@*"not embedded, trying external file
2023/11/08 15:50:00 ZEBRA: [HG1WF-2N96F] YANG model "ietf-inet-types@*" "*@*"not embedded, trying external file
2023/11/08 15:50:00 ZEBRA: [HG1WF-2N96F] YANG model "ietf-inet-types@*" "*@*"not embedded, trying external file
2023/11/08 15:50:00 ZEBRA: [HG1WF-2N96F] YANG model "ietf-yang-types@*" "*@*"not embedded, trying external file
2023/11/08 15:50:00 ZEBRA: [HG1WF-2N96F] YANG model "ietf-inet-types@*" "*@*"not embedded, trying external file
2023/11/08 15:50:00 ZEBRA: [HG1WF-2N96F] YANG model "ietf-inet-types@*" "*@*"not embedded, trying external file
2023/11/08 15:50:00 ZEBRA: [HG1WF-2N96F] YANG model "ietf-yang-types@*" "*@*"not embedded, trying external file
2023/11/08 15:50:00 ZEBRA: [HG1WF-2N96F] YANG model "ietf-inet-types@*" "*@*"not embedded, trying external file
2023/11/08 15:50:00 ZEBRA: [VMBPM-Q87BB] Setting netlink socket receive buffer size: 212992 -> 8388608
2023/11/08 15:50:00 ZEBRA: [VMBPM-Q87BB] Setting netlink socket receive buffer size: 212992 -> 8388608
2023/11/08 15:50:00 ZEBRA: [VMBPM-Q87BB] Setting netlink socket receive buffer size: 212992 -> 8388608
2023/11/08 15:50:00 ZEBRA: [VMBPM-Q87BB] Setting netlink socket receive buffer size: 212992 -> 8388608
2023/11/08 15:50:00 ZEBRA: [NNACN-54BDA][EC 4043309110] Disabling MPLS support (no kernel support)
2023/11/08 15:50:00 ZEBRA: [T83RR-8SM5G] zebra 8.1 starting: vty@2601
2023/11/08 15:50:00 ZEBRA: [RS5M6-AEER6][EC 100663317] vty_read_config: failed to open configuration file /etc/frr/frr.conf: No such file or directory, checking backup
2023/11/08 15:50:00 ZEBRA: [VDWX6-W8CNF][EC 100663304] vty_read_config: can't open configuration file [/etc/frr/frr.conf]
2023/11/08 15:50:00 ZEBRA: [V98V0-MTWPF] client 16 says hello and bids fair to announce only rip routes vrf=0
2023/11/08 15:50:00 ZEBRA: [V98V0-MTWPF] client 33 says hello and bids fair to announce only bgp routes vrf=0
2023/11/08 15:50:00 ZEBRA: [V98V0-MTWPF] client 36 says hello and bids fair to announce only vnc routes vrf=0
2023/11/08 16:34:27 ZEBRA: [HG1WF-2N96F] YANG model "ietf-inet-types@*" "*@*"not embedded, trying external file
2023/11/08 16:34:27 ZEBRA: [HG1WF-2N96F] YANG model "ietf-yang-types@*" "*@*"not embedded, trying external file
2023/11/08 16:34:27 ZEBRA: [HG1WF-2N96F] YANG model "ietf-yang-types@*" "*@*"not embedded, trying external file
2023/11/08 16:34:27 ZEBRA: [HG1WF-2N96F] YANG model "ietf-yang-types@*" "*@*"not embedded, trying external file
2023/11/08 16:34:27 ZEBRA: [HG1WF-2N96F] YANG model "ietf-inet-types@*" "*@*"not embedded, trying external file
2023/11/08 16:34:27 ZEBRA: [HG1WF-2N96F] YANG model "ietf-yang-types@*" "*@*"not embedded, trying external file
2023/11/08 16:34:27 ZEBRA: [HG1WF-2N96F] YANG model "ietf-inet-types@*" "*@*"not embedded, trying external file
2023/11/08 16:34:27 ZEBRA: [HG1WF-2N96F] YANG model "ietf-inet-types@*" "*@*"not embedded, trying external file
2023/11/08 16:34:27 ZEBRA: [HG1WF-2N96F] YANG model "ietf-yang-types@*" "*@*"not embedded, trying external file
2023/11/08 16:34:27 ZEBRA: [HG1WF-2N96F] YANG model "ietf-inet-types@*" "*@*"not embedded, trying external file
2023/11/08 16:34:27 ZEBRA: [HG1WF-2N96F] YANG model "ietf-inet-types@*" "*@*"not embedded, trying external file
2023/11/08 16:34:27 ZEBRA: [HG1WF-2N96F] YANG model "ietf-yang-types@*" "*@*"not embedded, trying external file
2023/11/08 16:34:27 ZEBRA: [HG1WF-2N96F] YANG model "ietf-inet-types@*" "*@*"not embedded, trying external file
2023/11/08 16:34:27 ZEBRA: [VMBPM-Q87BB] Setting netlink socket receive buffer size: 212992 -> 8388608
2023/11/08 16:34:27 ZEBRA: [VMBPM-Q87BB] Setting netlink socket receive buffer size: 212992 -> 8388608
2023/11/08 16:34:27 ZEBRA: [VMBPM-Q87BB] Setting netlink socket receive buffer size: 212992 -> 8388608
2023/11/08 16:34:27 ZEBRA: [VMBPM-Q87BB] Setting netlink socket receive buffer size: 212992 -> 8388608
2023/11/08 16:34:27 ZEBRA: [NNACN-54BDA][EC 4043309110] Disabling MPLS support (no kernel support)
2023/11/08 16:34:27 ZEBRA: [T83RR-8SM5G] zebra 8.1 starting: vty@2601
2023/11/08 16:34:27 ZEBRA: [SHWNK-NWT5S][EC 100663304] No such command on config line 2: router rip
2023/11/08 16:34:27 ZEBRA: [SHWNK-NWT5S][EC 100663304] No such command on config line 3:   network 100.100.1.2/32
2023/11/08 16:34:27 ZEBRA: [SHWNK-NWT5S][EC 100663304] No such command on config line 4:   network 192.168.1.1/31
2023/11/08 16:34:27 ZEBRA: [SHWNK-NWT5S][EC 100663304] No such command on config line 5:   network 192.168.1.2/31
2023/11/08 16:34:27 ZEBRA: [SHWNK-NWT5S][EC 100663304] No such command on config line 8: router bgp 100
2023/11/08 16:34:27 ZEBRA: [SHWNK-NWT5S][EC 100663304] No such command on config line 9:   bgp router-id 100.100.1.2
2023/11/08 16:34:27 ZEBRA: [SHWNK-NWT5S][EC 100663304] No such command on config line 10:   no bgp ebgp-requires-policy
2023/11/08 16:34:27 ZEBRA: [SHWNK-NWT5S][EC 100663304] No such command on config line 11:   neighbor 100.100.1.1 remote-as 100
2023/11/08 16:34:27 ZEBRA: [SHWNK-NWT5S][EC 100663304] No such command on config line 12:   neighbor 100.100.1.1 update-source 100.100.1.2
2023/11/08 16:34:27 ZEBRA: [SHWNK-NWT5S][EC 100663304] No such command on config line 13:   neighbor 100.100.1.1 next-hop-self
2023/11/08 16:34:27 ZEBRA: [SHWNK-NWT5S][EC 100663304] No such command on config line 15:   address-family ipv4 unicast
2023/11/08 16:34:27 ZEBRA: [SHWNK-NWT5S][EC 100663304] No such command on config line 16:     redistribute connected
2023/11/08 16:34:27 ZEBRA: [SHWNK-NWT5S][EC 100663304] No such command on config line 17:   exit-address-family
2023/11/08 16:34:27 ZEBRA: [V98V0-MTWPF] client 16 says hello and bids fair to announce only rip routes vrf=0
2023/11/08 16:34:27 ZEBRA: [V98V0-MTWPF] client 33 says hello and bids fair to announce only bgp routes vrf=0
2023/11/08 16:34:27 ZEBRA: [V98V0-MTWPF] client 36 says hello and bids fair to announce only vnc routes vrf=0
2023/11/08 16:35:36 ZEBRA: [HG1WF-2N96F] YANG model "ietf-inet-types@*" "*@*"not embedded, trying external file
2023/11/08 16:35:36 ZEBRA: [HG1WF-2N96F] YANG model "ietf-yang-types@*" "*@*"not embedded, trying external file
2023/11/08 16:35:36 ZEBRA: [HG1WF-2N96F] YANG model "ietf-yang-types@*" "*@*"not embedded, trying external file
2023/11/08 16:35:36 ZEBRA: [HG1WF-2N96F] YANG model "ietf-yang-types@*" "*@*"not embedded, trying external file
2023/11/08 16:35:36 ZEBRA: [HG1WF-2N96F] YANG model "ietf-inet-types@*" "*@*"not embedded, trying external file
2023/11/08 16:35:36 ZEBRA: [HG1WF-2N96F] YANG model "ietf-yang-types@*" "*@*"not embedded, trying external file
2023/11/08 16:35:36 ZEBRA: [HG1WF-2N96F] YANG model "ietf-inet-types@*" "*@*"not embedded, trying external file
2023/11/08 16:35:36 ZEBRA: [HG1WF-2N96F] YANG model "ietf-inet-types@*" "*@*"not embedded, trying external file
2023/11/08 16:35:36 ZEBRA: [HG1WF-2N96F] YANG model "ietf-yang-types@*" "*@*"not embedded, trying external file
2023/11/08 16:35:36 ZEBRA: [HG1WF-2N96F] YANG model "ietf-inet-types@*" "*@*"not embedded, trying external file
2023/11/08 16:35:36 ZEBRA: [HG1WF-2N96F] YANG model "ietf-inet-types@*" "*@*"not embedded, trying external file
2023/11/08 16:35:36 ZEBRA: [HG1WF-2N96F] YANG model "ietf-yang-types@*" "*@*"not embedded, trying external file
2023/11/08 16:35:36 ZEBRA: [HG1WF-2N96F] YANG model "ietf-inet-types@*" "*@*"not embedded, trying external file
2023/11/08 16:35:36 ZEBRA: [VMBPM-Q87BB] Setting netlink socket receive buffer size: 212992 -> 8388608
2023/11/08 16:35:36 ZEBRA: [VMBPM-Q87BB] Setting netlink socket receive buffer size: 212992 -> 8388608
2023/11/08 16:35:36 ZEBRA: [VMBPM-Q87BB] Setting netlink socket receive buffer size: 212992 -> 8388608
2023/11/08 16:35:36 ZEBRA: [VMBPM-Q87BB] Setting netlink socket receive buffer size: 212992 -> 8388608
2023/11/08 16:35:36 ZEBRA: [NNACN-54BDA][EC 4043309110] Disabling MPLS support (no kernel support)
2023/11/08 16:35:36 ZEBRA: [T83RR-8SM5G] zebra 8.1 starting: vty@2601
2023/11/08 16:35:36 ZEBRA: [SHWNK-NWT5S][EC 100663304] No such command on config line 2: router rip
2023/11/08 16:35:36 ZEBRA: [SHWNK-NWT5S][EC 100663304] No such command on config line 3:   network 100.100.1.2/32
2023/11/08 16:35:36 ZEBRA: [SHWNK-NWT5S][EC 100663304] No such command on config line 4:   network 192.168.1.1/31
2023/11/08 16:35:36 ZEBRA: [SHWNK-NWT5S][EC 100663304] No such command on config line 5:   network 192.168.1.2/31
2023/11/08 16:35:36 ZEBRA: [SHWNK-NWT5S][EC 100663304] No such command on config line 8: router bgp 100
2023/11/08 16:35:36 ZEBRA: [SHWNK-NWT5S][EC 100663304] No such command on config line 9:   bgp router-id 100.100.1.2
2023/11/08 16:35:36 ZEBRA: [SHWNK-NWT5S][EC 100663304] No such command on config line 10:   no bgp ebgp-requires-policy
2023/11/08 16:35:36 ZEBRA: [SHWNK-NWT5S][EC 100663304] No such command on config line 11:   neighbor 100.100.1.1 remote-as 100
2023/11/08 16:35:36 ZEBRA: [SHWNK-NWT5S][EC 100663304] No such command on config line 12:   neighbor 100.100.1.1 update-source 100.100.1.2
2023/11/08 16:35:36 ZEBRA: [SHWNK-NWT5S][EC 100663304] No such command on config line 13:   neighbor 100.100.1.1 next-hop-self
2023/11/08 16:35:36 ZEBRA: [SHWNK-NWT5S][EC 100663304] No such command on config line 15:   address-family ipv4 unicast
2023/11/08 16:35:36 ZEBRA: [SHWNK-NWT5S][EC 100663304] No such command on config line 16:     redistribute connected
2023/11/08 16:35:36 ZEBRA: [SHWNK-NWT5S][EC 100663304] No such command on config line 17:   exit-address-family
2023/11/08 16:35:36 ZEBRA: [V98V0-MTWPF] client 16 says hello and bids fair to announce only rip routes vrf=0
2023/11/08 16:35:36 ZEBRA: [V98V0-MTWPF] client 33 says hello and bids fair to announce only bgp routes vrf=0
2023/11/08 16:35:36 ZEBRA: [V98V0-MTWPF] client 36 says hello and bids fair to announce only vnc routes vrf=0
2023/11/08 16:36:09 ZEBRA: [HG1WF-2N96F] YANG model "ietf-inet-types@*" "*@*"not embedded, trying external file
2023/11/08 16:36:09 ZEBRA: [HG1WF-2N96F] YANG model "ietf-yang-types@*" "*@*"not embedded, trying external file
2023/11/08 16:36:09 ZEBRA: [HG1WF-2N96F] YANG model "ietf-yang-types@*" "*@*"not embedded, trying external file
2023/11/08 16:36:09 ZEBRA: [HG1WF-2N96F] YANG model "ietf-yang-types@*" "*@*"not embedded, trying external file
2023/11/08 16:36:09 ZEBRA: [HG1WF-2N96F] YANG model "ietf-inet-types@*" "*@*"not embedded, trying external file
2023/11/08 16:36:09 ZEBRA: [HG1WF-2N96F] YANG model "ietf-yang-types@*" "*@*"not embedded, trying external file
2023/11/08 16:36:09 ZEBRA: [HG1WF-2N96F] YANG model "ietf-inet-types@*" "*@*"not embedded, trying external file
2023/11/08 16:36:09 ZEBRA: [HG1WF-2N96F] YANG model "ietf-inet-types@*" "*@*"not embedded, trying external file
2023/11/08 16:36:09 ZEBRA: [HG1WF-2N96F] YANG model "ietf-yang-types@*" "*@*"not embedded, trying external file
2023/11/08 16:36:09 ZEBRA: [HG1WF-2N96F] YANG model "ietf-inet-types@*" "*@*"not embedded, trying external file
2023/11/08 16:36:09 ZEBRA: [HG1WF-2N96F] YANG model "ietf-inet-types@*" "*@*"not embedded, trying external file
2023/11/08 16:36:09 ZEBRA: [HG1WF-2N96F] YANG model "ietf-yang-types@*" "*@*"not embedded, trying external file
2023/11/08 16:36:09 ZEBRA: [HG1WF-2N96F] YANG model "ietf-inet-types@*" "*@*"not embedded, trying external file
2023/11/08 16:36:09 ZEBRA: [VMBPM-Q87BB] Setting netlink socket receive buffer size: 212992 -> 8388608
2023/11/08 16:36:09 ZEBRA: [VMBPM-Q87BB] Setting netlink socket receive buffer size: 212992 -> 8388608
2023/11/08 16:36:09 ZEBRA: [VMBPM-Q87BB] Setting netlink socket receive buffer size: 212992 -> 8388608
2023/11/08 16:36:09 ZEBRA: [VMBPM-Q87BB] Setting netlink socket receive buffer size: 212992 -> 8388608
2023/11/08 16:36:09 ZEBRA: [NNACN-54BDA][EC 4043309110] Disabling MPLS support (no kernel support)
2023/11/08 16:36:09 ZEBRA: [T83RR-8SM5G] zebra 8.1 starting: vty@2601
2023/11/08 16:36:09 ZEBRA: [SHWNK-NWT5S][EC 100663304] No such command on config line 2: router rip
2023/11/08 16:36:09 ZEBRA: [SHWNK-NWT5S][EC 100663304] No such command on config line 3:   network 100.100.1.2/32
2023/11/08 16:36:09 ZEBRA: [SHWNK-NWT5S][EC 100663304] No such command on config line 4:   network 192.168.1.1/31
2023/11/08 16:36:09 ZEBRA: [SHWNK-NWT5S][EC 100663304] No such command on config line 5:   network 192.168.1.2/31
2023/11/08 16:36:09 ZEBRA: [SHWNK-NWT5S][EC 100663304] No such command on config line 8: router bgp 100
2023/11/08 16:36:09 ZEBRA: [SHWNK-NWT5S][EC 100663304] No such command on config line 9:   bgp router-id 100.100.1.2
2023/11/08 16:36:09 ZEBRA: [SHWNK-NWT5S][EC 100663304] No such command on config line 10:   no bgp ebgp-requires-policy
2023/11/08 16:36:09 ZEBRA: [SHWNK-NWT5S][EC 100663304] No such command on config line 11:   neighbor 100.100.1.1 remote-as 100
2023/11/08 16:36:09 ZEBRA: [SHWNK-NWT5S][EC 100663304] No such command on config line 12:   neighbor 100.100.1.1 update-source 100.100.1.2
2023/11/08 16:36:09 ZEBRA: [SHWNK-NWT5S][EC 100663304] No such command on config line 13:   neighbor 100.100.1.1 next-hop-self
2023/11/08 16:36:09 ZEBRA: [SHWNK-NWT5S][EC 100663304] No such command on config line 15:   address-family ipv4 unicast
2023/11/08 16:36:09 ZEBRA: [SHWNK-NWT5S][EC 100663304] No such command on config line 16:     redistribute connected
2023/11/08 16:36:09 ZEBRA: [SHWNK-NWT5S][EC 100663304] No such command on config line 17:   exit-address-family
2023/11/08 16:36:09 ZEBRA: [V98V0-MTWPF] client 16 says hello and bids fair to announce only rip routes vrf=0
2023/11/08 16:36:10 ZEBRA: [V98V0-MTWPF] client 33 says hello and bids fair to announce only bgp routes vrf=0
2023/11/08 16:36:10 ZEBRA: [V98V0-MTWPF] client 36 says hello and bids fair to announce only vnc routes vrf=0
2023/11/08 16:39:21 ZEBRA: [HG1WF-2N96F] YANG model "ietf-inet-types@*" "*@*"not embedded, trying external file
2023/11/08 16:39:21 ZEBRA: [HG1WF-2N96F] YANG model "ietf-yang-types@*" "*@*"not embedded, trying external file
2023/11/08 16:39:21 ZEBRA: [HG1WF-2N96F] YANG model "ietf-yang-types@*" "*@*"not embedded, trying external file
2023/11/08 16:39:21 ZEBRA: [HG1WF-2N96F] YANG model "ietf-yang-types@*" "*@*"not embedded, trying external file
2023/11/08 16:39:21 ZEBRA: [HG1WF-2N96F] YANG model "ietf-inet-types@*" "*@*"not embedded, trying external file
2023/11/08 16:39:21 ZEBRA: [HG1WF-2N96F] YANG model "ietf-yang-types@*" "*@*"not embedded, trying external file
2023/11/08 16:39:21 ZEBRA: [HG1WF-2N96F] YANG model "ietf-inet-types@*" "*@*"not embedded, trying external file
2023/11/08 16:39:21 ZEBRA: [HG1WF-2N96F] YANG model "ietf-inet-types@*" "*@*"not embedded, trying external file
2023/11/08 16:39:21 ZEBRA: [HG1WF-2N96F] YANG model "ietf-yang-types@*" "*@*"not embedded, trying external file
2023/11/08 16:39:21 ZEBRA: [HG1WF-2N96F] YANG model "ietf-inet-types@*" "*@*"not embedded, trying external file
2023/11/08 16:39:21 ZEBRA: [HG1WF-2N96F] YANG model "ietf-inet-types@*" "*@*"not embedded, trying external file
2023/11/08 16:39:21 ZEBRA: [HG1WF-2N96F] YANG model "ietf-yang-types@*" "*@*"not embedded, trying external file
2023/11/08 16:39:21 ZEBRA: [HG1WF-2N96F] YANG model "ietf-inet-types@*" "*@*"not embedded, trying external file
2023/11/08 16:39:21 ZEBRA: [VMBPM-Q87BB] Setting netlink socket receive buffer size: 212992 -> 8388608
2023/11/08 16:39:21 ZEBRA: [VMBPM-Q87BB] Setting netlink socket receive buffer size: 212992 -> 8388608
2023/11/08 16:39:21 ZEBRA: [VMBPM-Q87BB] Setting netlink socket receive buffer size: 212992 -> 8388608
2023/11/08 16:39:21 ZEBRA: [VMBPM-Q87BB] Setting netlink socket receive buffer size: 212992 -> 8388608
2023/11/08 16:39:21 ZEBRA: [NNACN-54BDA][EC 4043309110] Disabling MPLS support (no kernel support)
2023/11/08 16:39:21 ZEBRA: [T83RR-8SM5G] zebra 8.1 starting: vty@2601
2023/11/08 16:39:21 ZEBRA: [SHWNK-NWT5S][EC 100663304] No such command on config line 2: router bgp 400
2023/11/08 16:39:21 ZEBRA: [SHWNK-NWT5S][EC 100663304] No such command on config line 3:   bgp router-id 100.100.4.1
2023/11/08 16:39:21 ZEBRA: [SHWNK-NWT5S][EC 100663304] No such command on config line 4:   no bgp ebgp-requires-policy
2023/11/08 16:39:21 ZEBRA: [SHWNK-NWT5S][EC 100663304] No such command on config line 5:   neighbor 100.100.1.1 remote-as 100
2023/11/08 16:39:21 ZEBRA: [SHWNK-NWT5S][EC 100663304] No such command on config line 6:   neighbor 100.100.1.1 update-source 172.17.3.1
2023/11/08 16:39:21 ZEBRA: [SHWNK-NWT5S][EC 100663304] No such command on config line 7:   neighbor 100.100.1.1 next-hop-self
2023/11/08 16:39:21 ZEBRA: [SHWNK-NWT5S][EC 100663304] No such command on config line 9:   address-family ipv4 unicast
2023/11/08 16:39:21 ZEBRA: [SHWNK-NWT5S][EC 100663304] No such command on config line 10:     redistribute connected
2023/11/08 16:39:21 ZEBRA: [SHWNK-NWT5S][EC 100663304] No such command on config line 11:   exit-address-family
2023/11/08 16:39:21 ZEBRA: [V98V0-MTWPF] client 28 says hello and bids fair to announce only rip routes vrf=0
2023/11/08 16:39:21 ZEBRA: [V98V0-MTWPF] client 33 says hello and bids fair to announce only bgp routes vrf=0
2023/11/08 16:39:21 ZEBRA: [V98V0-MTWPF] client 36 says hello and bids fair to announce only vnc routes vrf=0
2023/11/08 16:39:29 ZEBRA: [HG1WF-2N96F] YANG model "ietf-inet-types@*" "*@*"not embedded, trying external file
2023/11/08 16:39:29 ZEBRA: [HG1WF-2N96F] YANG model "ietf-yang-types@*" "*@*"not embedded, trying external file
2023/11/08 16:39:29 ZEBRA: [HG1WF-2N96F] YANG model "ietf-yang-types@*" "*@*"not embedded, trying external file
2023/11/08 16:39:29 ZEBRA: [HG1WF-2N96F] YANG model "ietf-yang-types@*" "*@*"not embedded, trying external file
2023/11/08 16:39:29 ZEBRA: [HG1WF-2N96F] YANG model "ietf-inet-types@*" "*@*"not embedded, trying external file
2023/11/08 16:39:29 ZEBRA: [HG1WF-2N96F] YANG model "ietf-yang-types@*" "*@*"not embedded, trying external file
2023/11/08 16:39:29 ZEBRA: [HG1WF-2N96F] YANG model "ietf-inet-types@*" "*@*"not embedded, trying external file
2023/11/08 16:39:29 ZEBRA: [HG1WF-2N96F] YANG model "ietf-inet-types@*" "*@*"not embedded, trying external file
2023/11/08 16:39:29 ZEBRA: [HG1WF-2N96F] YANG model "ietf-yang-types@*" "*@*"not embedded, trying external file
2023/11/08 16:39:29 ZEBRA: [HG1WF-2N96F] YANG model "ietf-inet-types@*" "*@*"not embedded, trying external file
2023/11/08 16:39:29 ZEBRA: [HG1WF-2N96F] YANG model "ietf-inet-types@*" "*@*"not embedded, trying external file
2023/11/08 16:39:29 ZEBRA: [HG1WF-2N96F] YANG model "ietf-yang-types@*" "*@*"not embedded, trying external file
2023/11/08 16:39:29 ZEBRA: [HG1WF-2N96F] YANG model "ietf-inet-types@*" "*@*"not embedded, trying external file
2023/11/08 16:39:29 ZEBRA: [VMBPM-Q87BB] Setting netlink socket receive buffer size: 212992 -> 8388608
2023/11/08 16:39:29 ZEBRA: [VMBPM-Q87BB] Setting netlink socket receive buffer size: 212992 -> 8388608
2023/11/08 16:39:29 ZEBRA: [VMBPM-Q87BB] Setting netlink socket receive buffer size: 212992 -> 8388608
2023/11/08 16:39:29 ZEBRA: [VMBPM-Q87BB] Setting netlink socket receive buffer size: 212992 -> 8388608
2023/11/08 16:39:29 ZEBRA: [NNACN-54BDA][EC 4043309110] Disabling MPLS support (no kernel support)
2023/11/08 16:39:29 ZEBRA: [T83RR-8SM5G] zebra 8.1 starting: vty@2601
2023/11/08 16:39:29 ZEBRA: [SHWNK-NWT5S][EC 100663304] No such command on config line 2: router bgp 400
2023/11/08 16:39:29 ZEBRA: [SHWNK-NWT5S][EC 100663304] No such command on config line 3:   bgp router-id 100.100.4.1
2023/11/08 16:39:29 ZEBRA: [SHWNK-NWT5S][EC 100663304] No such command on config line 4:   no bgp ebgp-requires-policy
2023/11/08 16:39:29 ZEBRA: [SHWNK-NWT5S][EC 100663304] No such command on config line 5:   neighbor 100.100.1.1 remote-as 100
2023/11/08 16:39:29 ZEBRA: [SHWNK-NWT5S][EC 100663304] No such command on config line 6:   neighbor 100.100.1.1 update-source 172.17.3.1
2023/11/08 16:39:29 ZEBRA: [SHWNK-NWT5S][EC 100663304] No such command on config line 7:   neighbor 100.100.1.1 next-hop-self
2023/11/08 16:39:29 ZEBRA: [SHWNK-NWT5S][EC 100663304] No such command on config line 9:   address-family ipv4 unicast
2023/11/08 16:39:29 ZEBRA: [SHWNK-NWT5S][EC 100663304] No such command on config line 10:     redistribute connected
2023/11/08 16:39:29 ZEBRA: [SHWNK-NWT5S][EC 100663304] No such command on config line 11:   exit-address-family
2023/11/08 16:39:29 ZEBRA: [V98V0-MTWPF] client 16 says hello and bids fair to announce only rip routes vrf=0
2023/11/08 16:39:30 ZEBRA: [V98V0-MTWPF] client 33 says hello and bids fair to announce only bgp routes vrf=0
2023/11/08 16:39:30 ZEBRA: [V98V0-MTWPF] client 38 says hello and bids fair to announce only vnc routes vrf=0
2023/11/08 16:42:36 ZEBRA: [HG1WF-2N96F] YANG model "ietf-inet-types@*" "*@*"not embedded, trying external file
2023/11/08 16:42:36 ZEBRA: [HG1WF-2N96F] YANG model "ietf-yang-types@*" "*@*"not embedded, trying external file
2023/11/08 16:42:36 ZEBRA: [HG1WF-2N96F] YANG model "ietf-yang-types@*" "*@*"not embedded, trying external file
2023/11/08 16:42:36 ZEBRA: [HG1WF-2N96F] YANG model "ietf-yang-types@*" "*@*"not embedded, trying external file
2023/11/08 16:42:36 ZEBRA: [HG1WF-2N96F] YANG model "ietf-inet-types@*" "*@*"not embedded, trying external file
2023/11/08 16:42:36 ZEBRA: [HG1WF-2N96F] YANG model "ietf-yang-types@*" "*@*"not embedded, trying external file
2023/11/08 16:42:36 ZEBRA: [HG1WF-2N96F] YANG model "ietf-inet-types@*" "*@*"not embedded, trying external file
2023/11/08 16:42:36 ZEBRA: [HG1WF-2N96F] YANG model "ietf-inet-types@*" "*@*"not embedded, trying external file
2023/11/08 16:42:36 ZEBRA: [HG1WF-2N96F] YANG model "ietf-yang-types@*" "*@*"not embedded, trying external file
2023/11/08 16:42:36 ZEBRA: [HG1WF-2N96F] YANG model "ietf-inet-types@*" "*@*"not embedded, trying external file
2023/11/08 16:42:36 ZEBRA: [HG1WF-2N96F] YANG model "ietf-inet-types@*" "*@*"not embedded, trying external file
2023/11/08 16:42:36 ZEBRA: [HG1WF-2N96F] YANG model "ietf-yang-types@*" "*@*"not embedded, trying external file
2023/11/08 16:42:37 ZEBRA: [HG1WF-2N96F] YANG model "ietf-inet-types@*" "*@*"not embedded, trying external file
2023/11/08 16:42:37 ZEBRA: [VMBPM-Q87BB] Setting netlink socket receive buffer size: 212992 -> 8388608
2023/11/08 16:42:37 ZEBRA: [VMBPM-Q87BB] Setting netlink socket receive buffer size: 212992 -> 8388608
2023/11/08 16:42:37 ZEBRA: [VMBPM-Q87BB] Setting netlink socket receive buffer size: 212992 -> 8388608
2023/11/08 16:42:37 ZEBRA: [VMBPM-Q87BB] Setting netlink socket receive buffer size: 212992 -> 8388608
2023/11/08 16:42:37 ZEBRA: [NNACN-54BDA][EC 4043309110] Disabling MPLS support (no kernel support)
2023/11/08 16:42:37 ZEBRA: [T83RR-8SM5G] zebra 8.1 starting: vty@2601
2023/11/08 16:42:37 ZEBRA: [SHWNK-NWT5S][EC 100663304] No such command on config line 2: router bgp 400
2023/11/08 16:42:37 ZEBRA: [SHWNK-NWT5S][EC 100663304] No such command on config line 3:   bgp router-id 100.100.4.1
2023/11/08 16:42:37 ZEBRA: [SHWNK-NWT5S][EC 100663304] No such command on config line 4:   no bgp ebgp-requires-policy
2023/11/08 16:42:37 ZEBRA: [SHWNK-NWT5S][EC 100663304] No such command on config line 5:   neighbor 100.100.1.1 remote-as 100
2023/11/08 16:42:37 ZEBRA: [SHWNK-NWT5S][EC 100663304] No such command on config line 6:   neighbor 100.100.1.1 update-source 172.17.3.1
2023/11/08 16:42:37 ZEBRA: [SHWNK-NWT5S][EC 100663304] No such command on config line 7:   neighbor 100.100.1.1 next-hop-self
2023/11/08 16:42:37 ZEBRA: [SHWNK-NWT5S][EC 100663304] No such command on config line 9:   address-family ipv4 unicast
2023/11/08 16:42:37 ZEBRA: [SHWNK-NWT5S][EC 100663304] No such command on config line 10:     redistribute connected
2023/11/08 16:42:37 ZEBRA: [SHWNK-NWT5S][EC 100663304] No such command on config line 11:   exit-address-family
2023/11/08 16:42:37 ZEBRA: [V98V0-MTWPF] client 16 says hello and bids fair to announce only rip routes vrf=0
2023/11/08 16:42:37 ZEBRA: [V98V0-MTWPF] client 33 says hello and bids fair to announce only bgp routes vrf=0
2023/11/08 16:42:37 ZEBRA: [V98V0-MTWPF] client 36 says hello and bids fair to announce only vnc routes vrf=0
2023/11/08 16:56:48 ZEBRA: [HG1WF-2N96F] YANG model "ietf-inet-types@*" "*@*"not embedded, trying external file
2023/11/08 16:56:48 ZEBRA: [HG1WF-2N96F] YANG model "ietf-yang-types@*" "*@*"not embedded, trying external file
2023/11/08 16:56:48 ZEBRA: [HG1WF-2N96F] YANG model "ietf-yang-types@*" "*@*"not embedded, trying external file
2023/11/08 16:56:48 ZEBRA: [HG1WF-2N96F] YANG model "ietf-yang-types@*" "*@*"not embedded, trying external file
2023/11/08 16:56:48 ZEBRA: [HG1WF-2N96F] YANG model "ietf-inet-types@*" "*@*"not embedded, trying external file
2023/11/08 16:56:48 ZEBRA: [HG1WF-2N96F] YANG model "ietf-yang-types@*" "*@*"not embedded, trying external file
2023/11/08 16:56:48 ZEBRA: [HG1WF-2N96F] YANG model "ietf-inet-types@*" "*@*"not embedded, trying external file
2023/11/08 16:56:48 ZEBRA: [HG1WF-2N96F] YANG model "ietf-inet-types@*" "*@*"not embedded, trying external file
2023/11/08 16:56:48 ZEBRA: [HG1WF-2N96F] YANG model "ietf-yang-types@*" "*@*"not embedded, trying external file
2023/11/08 16:56:48 ZEBRA: [HG1WF-2N96F] YANG model "ietf-inet-types@*" "*@*"not embedded, trying external file
2023/11/08 16:56:48 ZEBRA: [HG1WF-2N96F] YANG model "ietf-inet-types@*" "*@*"not embedded, trying external file
2023/11/08 16:56:48 ZEBRA: [HG1WF-2N96F] YANG model "ietf-yang-types@*" "*@*"not embedded, trying external file
2023/11/08 16:56:48 ZEBRA: [HG1WF-2N96F] YANG model "ietf-inet-types@*" "*@*"not embedded, trying external file
2023/11/08 16:56:48 ZEBRA: [VMBPM-Q87BB] Setting netlink socket receive buffer size: 212992 -> 8388608
2023/11/08 16:56:48 ZEBRA: [VMBPM-Q87BB] Setting netlink socket receive buffer size: 212992 -> 8388608
2023/11/08 16:56:48 ZEBRA: [VMBPM-Q87BB] Setting netlink socket receive buffer size: 212992 -> 8388608
2023/11/08 16:56:48 ZEBRA: [VMBPM-Q87BB] Setting netlink socket receive buffer size: 212992 -> 8388608
2023/11/08 16:56:48 ZEBRA: [NNACN-54BDA][EC 4043309110] Disabling MPLS support (no kernel support)
2023/11/08 16:56:48 ZEBRA: [T83RR-8SM5G] zebra 8.1 starting: vty@2601
2023/11/08 16:56:48 ZEBRA: [SHWNK-NWT5S][EC 100663304] No such command on config line 2: router bgp 400
2023/11/08 16:56:48 ZEBRA: [SHWNK-NWT5S][EC 100663304] No such command on config line 3:   bgp router-id 100.100.4.1
2023/11/08 16:56:48 ZEBRA: [SHWNK-NWT5S][EC 100663304] No such command on config line 4:   no bgp ebgp-requires-policy
2023/11/08 16:56:48 ZEBRA: [SHWNK-NWT5S][EC 100663304] No such command on config line 5:   neighbor 100.100.1.1 remote-as 100
2023/11/08 16:56:48 ZEBRA: [SHWNK-NWT5S][EC 100663304] No such command on config line 6:   neighbor 100.100.1.1 update-source 172.17.3.1
2023/11/08 16:56:48 ZEBRA: [SHWNK-NWT5S][EC 100663304] No such command on config line 7:   neighbor 100.100.1.1 next-hop-self
2023/11/08 16:56:48 ZEBRA: [SHWNK-NWT5S][EC 100663304] No such command on config line 9:   neighbor 100.100.1.3 remote-as 100
2023/11/08 16:56:48 ZEBRA: [SHWNK-NWT5S][EC 100663304] No such command on config line 10:   neighbor 100.100.1.3 update-source 172.17.4.1
2023/11/08 16:56:48 ZEBRA: [SHWNK-NWT5S][EC 100663304] No such command on config line 11:   neighbor 100.100.1.3 next-hop-self
2023/11/08 16:56:48 ZEBRA: [SHWNK-NWT5S][EC 100663304] No such command on config line 13:   address-family ipv4 unicast
2023/11/08 16:56:48 ZEBRA: [SHWNK-NWT5S][EC 100663304] No such command on config line 14:     redistribute connected
2023/11/08 16:56:48 ZEBRA: [SHWNK-NWT5S][EC 100663304] No such command on config line 15:   exit-address-family
2023/11/08 16:56:48 ZEBRA: [V98V0-MTWPF] client 16 says hello and bids fair to announce only rip routes vrf=0
2023/11/08 16:56:49 ZEBRA: [V98V0-MTWPF] client 33 says hello and bids fair to announce only bgp routes vrf=0
2023/11/08 16:56:49 ZEBRA: [V98V0-MTWPF] client 38 says hello and bids fair to announce only vnc routes vrf=0
2023/11/08 17:01:50 ZEBRA: [HG1WF-2N96F] YANG model "ietf-inet-types@*" "*@*"not embedded, trying external file
2023/11/08 17:01:50 ZEBRA: [HG1WF-2N96F] YANG model "ietf-yang-types@*" "*@*"not embedded, trying external file
2023/11/08 17:01:50 ZEBRA: [HG1WF-2N96F] YANG model "ietf-yang-types@*" "*@*"not embedded, trying external file
2023/11/08 17:01:50 ZEBRA: [HG1WF-2N96F] YANG model "ietf-yang-types@*" "*@*"not embedded, trying external file
2023/11/08 17:01:50 ZEBRA: [HG1WF-2N96F] YANG model "ietf-inet-types@*" "*@*"not embedded, trying external file
2023/11/08 17:01:50 ZEBRA: [HG1WF-2N96F] YANG model "ietf-yang-types@*" "*@*"not embedded, trying external file
2023/11/08 17:01:50 ZEBRA: [HG1WF-2N96F] YANG model "ietf-inet-types@*" "*@*"not embedded, trying external file
2023/11/08 17:01:50 ZEBRA: [HG1WF-2N96F] YANG model "ietf-inet-types@*" "*@*"not embedded, trying external file
2023/11/08 17:01:50 ZEBRA: [HG1WF-2N96F] YANG model "ietf-yang-types@*" "*@*"not embedded, trying external file
2023/11/08 17:01:50 ZEBRA: [HG1WF-2N96F] YANG model "ietf-inet-types@*" "*@*"not embedded, trying external file
2023/11/08 17:01:50 ZEBRA: [HG1WF-2N96F] YANG model "ietf-inet-types@*" "*@*"not embedded, trying external file
2023/11/08 17:01:50 ZEBRA: [HG1WF-2N96F] YANG model "ietf-yang-types@*" "*@*"not embedded, trying external file
2023/11/08 17:01:50 ZEBRA: [HG1WF-2N96F] YANG model "ietf-inet-types@*" "*@*"not embedded, trying external file
2023/11/08 17:01:50 ZEBRA: [VMBPM-Q87BB] Setting netlink socket receive buffer size: 212992 -> 8388608
2023/11/08 17:01:50 ZEBRA: [VMBPM-Q87BB] Setting netlink socket receive buffer size: 212992 -> 8388608
2023/11/08 17:01:50 ZEBRA: [VMBPM-Q87BB] Setting netlink socket receive buffer size: 212992 -> 8388608
2023/11/08 17:01:50 ZEBRA: [VMBPM-Q87BB] Setting netlink socket receive buffer size: 212992 -> 8388608
2023/11/08 17:01:50 ZEBRA: [NNACN-54BDA][EC 4043309110] Disabling MPLS support (no kernel support)
2023/11/08 17:01:50 ZEBRA: [T83RR-8SM5G] zebra 8.1 starting: vty@2601
2023/11/08 17:01:50 ZEBRA: [SHWNK-NWT5S][EC 100663304] No such command on config line 2: router bgp 400
2023/11/08 17:01:50 ZEBRA: [SHWNK-NWT5S][EC 100663304] No such command on config line 3:   bgp router-id 100.100.4.1
2023/11/08 17:01:50 ZEBRA: [SHWNK-NWT5S][EC 100663304] No such command on config line 4:   no bgp ebgp-requires-policy
2023/11/08 17:01:50 ZEBRA: [SHWNK-NWT5S][EC 100663304] No such command on config line 5:   neighbor 100.100.1.1 remote-as 100
2023/11/08 17:01:50 ZEBRA: [SHWNK-NWT5S][EC 100663304] No such command on config line 6:   neighbor 100.100.1.1 update-source 172.17.3.1
2023/11/08 17:01:50 ZEBRA: [SHWNK-NWT5S][EC 100663304] No such command on config line 7:   neighbor 100.100.1.1 next-hop-self
2023/11/08 17:01:50 ZEBRA: [SHWNK-NWT5S][EC 100663304] No such command on config line 9:   neighbor 100.100.1.3 remote-as 100
2023/11/08 17:01:50 ZEBRA: [SHWNK-NWT5S][EC 100663304] No such command on config line 10:   neighbor 100.100.1.3 update-source 172.17.4.1
2023/11/08 17:01:50 ZEBRA: [SHWNK-NWT5S][EC 100663304] No such command on config line 11:   neighbor 100.100.1.3 next-hop-self
2023/11/08 17:01:50 ZEBRA: [SHWNK-NWT5S][EC 100663304] No such command on config line 13:   address-family ipv4 unicast
2023/11/08 17:01:50 ZEBRA: [SHWNK-NWT5S][EC 100663304] No such command on config line 14:     network 10.4.1.126/25
2023/11/08 17:01:50 ZEBRA: [SHWNK-NWT5S][EC 100663304] No such command on config line 15:     network 10.4.1.254/25
2023/11/08 17:01:50 ZEBRA: [SHWNK-NWT5S][EC 100663304] No such command on config line 16:   exit-address-family
2023/11/08 17:01:50 ZEBRA: [V98V0-MTWPF] client 16 says hello and bids fair to announce only rip routes vrf=0
2023/11/08 17:01:50 ZEBRA: [V98V0-MTWPF] client 33 says hello and bids fair to announce only bgp routes vrf=0
2023/11/08 17:01:50 ZEBRA: [V98V0-MTWPF] client 36 says hello and bids fair to announce only vnc routes vrf=0
2023/11/08 17:13:56 ZEBRA: [HG1WF-2N96F] YANG model "ietf-inet-types@*" "*@*"not embedded, trying external file
2023/11/08 17:13:56 ZEBRA: [HG1WF-2N96F] YANG model "ietf-yang-types@*" "*@*"not embedded, trying external file
2023/11/08 17:13:56 ZEBRA: [HG1WF-2N96F] YANG model "ietf-yang-types@*" "*@*"not embedded, trying external file
2023/11/08 17:13:56 ZEBRA: [HG1WF-2N96F] YANG model "ietf-yang-types@*" "*@*"not embedded, trying external file
2023/11/08 17:13:56 ZEBRA: [HG1WF-2N96F] YANG model "ietf-inet-types@*" "*@*"not embedded, trying external file
2023/11/08 17:13:56 ZEBRA: [HG1WF-2N96F] YANG model "ietf-yang-types@*" "*@*"not embedded, trying external file
2023/11/08 17:13:56 ZEBRA: [HG1WF-2N96F] YANG model "ietf-inet-types@*" "*@*"not embedded, trying external file
2023/11/08 17:13:56 ZEBRA: [HG1WF-2N96F] YANG model "ietf-inet-types@*" "*@*"not embedded, trying external file
2023/11/08 17:13:56 ZEBRA: [HG1WF-2N96F] YANG model "ietf-yang-types@*" "*@*"not embedded, trying external file
2023/11/08 17:13:56 ZEBRA: [HG1WF-2N96F] YANG model "ietf-inet-types@*" "*@*"not embedded, trying external file
2023/11/08 17:13:56 ZEBRA: [HG1WF-2N96F] YANG model "ietf-inet-types@*" "*@*"not embedded, trying external file
2023/11/08 17:13:56 ZEBRA: [HG1WF-2N96F] YANG model "ietf-yang-types@*" "*@*"not embedded, trying external file
2023/11/08 17:13:56 ZEBRA: [HG1WF-2N96F] YANG model "ietf-inet-types@*" "*@*"not embedded, trying external file
2023/11/08 17:13:56 ZEBRA: [VMBPM-Q87BB] Setting netlink socket receive buffer size: 212992 -> 8388608
2023/11/08 17:13:56 ZEBRA: [VMBPM-Q87BB] Setting netlink socket receive buffer size: 212992 -> 8388608
2023/11/08 17:13:56 ZEBRA: [VMBPM-Q87BB] Setting netlink socket receive buffer size: 212992 -> 8388608
2023/11/08 17:13:56 ZEBRA: [VMBPM-Q87BB] Setting netlink socket receive buffer size: 212992 -> 8388608
2023/11/08 17:13:56 ZEBRA: [NNACN-54BDA][EC 4043309110] Disabling MPLS support (no kernel support)
2023/11/08 17:13:56 ZEBRA: [T83RR-8SM5G] zebra 8.1 starting: vty@2601
2023/11/08 17:13:56 ZEBRA: [SHWNK-NWT5S][EC 100663304] No such command on config line 2: router bgp 400
2023/11/08 17:13:56 ZEBRA: [SHWNK-NWT5S][EC 100663304] No such command on config line 3:   bgp router-id 100.100.4.1
2023/11/08 17:13:56 ZEBRA: [SHWNK-NWT5S][EC 100663304] No such command on config line 4:   no bgp ebgp-requires-policy
2023/11/08 17:13:56 ZEBRA: [SHWNK-NWT5S][EC 100663304] No such command on config line 5:   neighbor 100.100.1.1 remote-as 100
2023/11/08 17:13:56 ZEBRA: [SHWNK-NWT5S][EC 100663304] No such command on config line 6:   neighbor 100.100.1.1 update-source 172.17.3.1
2023/11/08 17:13:56 ZEBRA: [SHWNK-NWT5S][EC 100663304] No such command on config line 7:   neighbor 100.100.1.1 next-hop-self
2023/11/08 17:13:56 ZEBRA: [SHWNK-NWT5S][EC 100663304] No such command on config line 9:   neighbor 100.100.1.3 remote-as 100
2023/11/08 17:13:56 ZEBRA: [SHWNK-NWT5S][EC 100663304] No such command on config line 10:   neighbor 100.100.1.3 update-source 172.17.4.1
2023/11/08 17:13:56 ZEBRA: [SHWNK-NWT5S][EC 100663304] No such command on config line 11:   neighbor 100.100.1.3 next-hop-self
2023/11/08 17:13:56 ZEBRA: [SHWNK-NWT5S][EC 100663304] No such command on config line 13:   address-family ipv4 unicast
2023/11/08 17:13:56 ZEBRA: [SHWNK-NWT5S][EC 100663304] No such command on config line 14:     network 10.4.1.126/25
2023/11/08 17:13:56 ZEBRA: [SHWNK-NWT5S][EC 100663304] No such command on config line 15:     network 10.4.1.254/25
2023/11/08 17:13:56 ZEBRA: [SHWNK-NWT5S][EC 100663304] No such command on config line 16:   exit-address-family
2023/11/08 17:13:56 ZEBRA: [V98V0-MTWPF] client 16 says hello and bids fair to announce only rip routes vrf=0
2023/11/08 17:13:56 ZEBRA: [V98V0-MTWPF] client 33 says hello and bids fair to announce only bgp routes vrf=0
2023/11/08 17:13:56 ZEBRA: [V98V0-MTWPF] client 36 says hello and bids fair to announce only vnc routes vrf=0
2023/11/08 17:15:48 ZEBRA: [HG1WF-2N96F] YANG model "ietf-inet-types@*" "*@*"not embedded, trying external file
2023/11/08 17:15:48 ZEBRA: [HG1WF-2N96F] YANG model "ietf-yang-types@*" "*@*"not embedded, trying external file
2023/11/08 17:15:48 ZEBRA: [HG1WF-2N96F] YANG model "ietf-yang-types@*" "*@*"not embedded, trying external file
2023/11/08 17:15:48 ZEBRA: [HG1WF-2N96F] YANG model "ietf-yang-types@*" "*@*"not embedded, trying external file
2023/11/08 17:15:48 ZEBRA: [HG1WF-2N96F] YANG model "ietf-inet-types@*" "*@*"not embedded, trying external file
2023/11/08 17:15:48 ZEBRA: [HG1WF-2N96F] YANG model "ietf-yang-types@*" "*@*"not embedded, trying external file
2023/11/08 17:15:48 ZEBRA: [HG1WF-2N96F] YANG model "ietf-inet-types@*" "*@*"not embedded, trying external file
2023/11/08 17:15:48 ZEBRA: [HG1WF-2N96F] YANG model "ietf-inet-types@*" "*@*"not embedded, trying external file
2023/11/08 17:15:48 ZEBRA: [HG1WF-2N96F] YANG model "ietf-yang-types@*" "*@*"not embedded, trying external file
2023/11/08 17:15:48 ZEBRA: [HG1WF-2N96F] YANG model "ietf-inet-types@*" "*@*"not embedded, trying external file
2023/11/08 17:15:48 ZEBRA: [HG1WF-2N96F] YANG model "ietf-inet-types@*" "*@*"not embedded, trying external file
2023/11/08 17:15:48 ZEBRA: [HG1WF-2N96F] YANG model "ietf-yang-types@*" "*@*"not embedded, trying external file
2023/11/08 17:15:48 ZEBRA: [HG1WF-2N96F] YANG model "ietf-inet-types@*" "*@*"not embedded, trying external file
2023/11/08 17:15:48 ZEBRA: [VMBPM-Q87BB] Setting netlink socket receive buffer size: 212992 -> 8388608
2023/11/08 17:15:48 ZEBRA: [VMBPM-Q87BB] Setting netlink socket receive buffer size: 212992 -> 8388608
2023/11/08 17:15:48 ZEBRA: [VMBPM-Q87BB] Setting netlink socket receive buffer size: 212992 -> 8388608
2023/11/08 17:15:48 ZEBRA: [VMBPM-Q87BB] Setting netlink socket receive buffer size: 212992 -> 8388608
2023/11/08 17:15:48 ZEBRA: [NNACN-54BDA][EC 4043309110] Disabling MPLS support (no kernel support)
2023/11/08 17:15:48 ZEBRA: [T83RR-8SM5G] zebra 8.1 starting: vty@2601
2023/11/08 17:15:48 ZEBRA: [SHWNK-NWT5S][EC 100663304] No such command on config line 2: router bgp 400
2023/11/08 17:15:48 ZEBRA: [SHWNK-NWT5S][EC 100663304] No such command on config line 3:   bgp router-id 100.100.4.1
2023/11/08 17:15:48 ZEBRA: [SHWNK-NWT5S][EC 100663304] No such command on config line 4:   no bgp ebgp-requires-policy
2023/11/08 17:15:48 ZEBRA: [SHWNK-NWT5S][EC 100663304] No such command on config line 5:   neighbor 100.100.1.1 remote-as 100
2023/11/08 17:15:48 ZEBRA: [SHWNK-NWT5S][EC 100663304] No such command on config line 6:   neighbor 100.100.1.1 update-source 172.17.3.1
2023/11/08 17:15:48 ZEBRA: [SHWNK-NWT5S][EC 100663304] No such command on config line 7:   neighbor 100.100.1.1 next-hop-self
2023/11/08 17:15:48 ZEBRA: [SHWNK-NWT5S][EC 100663304] No such command on config line 9:   neighbor 100.100.1.3 remote-as 100
2023/11/08 17:15:48 ZEBRA: [SHWNK-NWT5S][EC 100663304] No such command on config line 10:   neighbor 100.100.1.3 update-source 172.17.4.1
2023/11/08 17:15:48 ZEBRA: [SHWNK-NWT5S][EC 100663304] No such command on config line 11:   neighbor 100.100.1.3 next-hop-self
2023/11/08 17:15:48 ZEBRA: [SHWNK-NWT5S][EC 100663304] No such command on config line 13:   address-family ipv4 unicast
2023/11/08 17:15:48 ZEBRA: [SHWNK-NWT5S][EC 100663304] No such command on config line 14:     network 10.4.1.126/25
2023/11/08 17:15:48 ZEBRA: [SHWNK-NWT5S][EC 100663304] No such command on config line 15:     network 10.4.1.254/25
2023/11/08 17:15:48 ZEBRA: [SHWNK-NWT5S][EC 100663304] No such command on config line 16:   exit-address-family
2023/11/08 17:15:48 ZEBRA: [V98V0-MTWPF] client 16 says hello and bids fair to announce only rip routes vrf=0
2023/11/08 17:15:48 ZEBRA: [V98V0-MTWPF] client 33 says hello and bids fair to announce only bgp routes vrf=0
2023/11/08 17:15:48 ZEBRA: [V98V0-MTWPF] client 36 says hello and bids fair to announce only vnc routes vrf=0
2023/11/08 19:11:50 ZEBRA: [HG1WF-2N96F] YANG model "ietf-inet-types@*" "*@*"not embedded, trying external file
2023/11/08 19:11:50 ZEBRA: [HG1WF-2N96F] YANG model "ietf-yang-types@*" "*@*"not embedded, trying external file
2023/11/08 19:11:50 ZEBRA: [HG1WF-2N96F] YANG model "ietf-yang-types@*" "*@*"not embedded, trying external file
2023/11/08 19:11:50 ZEBRA: [HG1WF-2N96F] YANG model "ietf-yang-types@*" "*@*"not embedded, trying external file
2023/11/08 19:11:50 ZEBRA: [HG1WF-2N96F] YANG model "ietf-inet-types@*" "*@*"not embedded, trying external file
2023/11/08 19:11:50 ZEBRA: [HG1WF-2N96F] YANG model "ietf-yang-types@*" "*@*"not embedded, trying external file
2023/11/08 19:11:50 ZEBRA: [HG1WF-2N96F] YANG model "ietf-inet-types@*" "*@*"not embedded, trying external file
2023/11/08 19:11:50 ZEBRA: [HG1WF-2N96F] YANG model "ietf-inet-types@*" "*@*"not embedded, trying external file
2023/11/08 19:11:50 ZEBRA: [HG1WF-2N96F] YANG model "ietf-yang-types@*" "*@*"not embedded, trying external file
2023/11/08 19:11:50 ZEBRA: [HG1WF-2N96F] YANG model "ietf-inet-types@*" "*@*"not embedded, trying external file
2023/11/08 19:11:50 ZEBRA: [HG1WF-2N96F] YANG model "ietf-inet-types@*" "*@*"not embedded, trying external file
2023/11/08 19:11:50 ZEBRA: [HG1WF-2N96F] YANG model "ietf-yang-types@*" "*@*"not embedded, trying external file
2023/11/08 19:11:50 ZEBRA: [HG1WF-2N96F] YANG model "ietf-inet-types@*" "*@*"not embedded, trying external file
2023/11/08 19:11:50 ZEBRA: [VMBPM-Q87BB] Setting netlink socket receive buffer size: 212992 -> 8388608
2023/11/08 19:11:50 ZEBRA: [VMBPM-Q87BB] Setting netlink socket receive buffer size: 212992 -> 8388608
2023/11/08 19:11:50 ZEBRA: [VMBPM-Q87BB] Setting netlink socket receive buffer size: 212992 -> 8388608
2023/11/08 19:11:50 ZEBRA: [VMBPM-Q87BB] Setting netlink socket receive buffer size: 212992 -> 8388608
2023/11/08 19:11:50 ZEBRA: [NNACN-54BDA][EC 4043309110] Disabling MPLS support (no kernel support)
2023/11/08 19:11:50 ZEBRA: [T83RR-8SM5G] zebra 8.1 starting: vty@2601
2023/11/08 19:11:50 ZEBRA: [SHWNK-NWT5S][EC 100663304] No such command on config line 2: router bgp 400
2023/11/08 19:11:50 ZEBRA: [SHWNK-NWT5S][EC 100663304] No such command on config line 3:   bgp router-id 100.100.4.1
2023/11/08 19:11:50 ZEBRA: [SHWNK-NWT5S][EC 100663304] No such command on config line 4:   no bgp ebgp-requires-policy
2023/11/08 19:11:50 ZEBRA: [SHWNK-NWT5S][EC 100663304] No such command on config line 6:   neighbor 100.100.1.1 remote-as 100
2023/11/08 19:11:50 ZEBRA: [SHWNK-NWT5S][EC 100663304] No such command on config line 7:   neighbor 100.100.1.1 update-source 172.17.3.1
2023/11/08 19:11:50 ZEBRA: [SHWNK-NWT5S][EC 100663304] No such command on config line 8:   neighbor 100.100.1.1 next-hop-self
2023/11/08 19:11:50 ZEBRA: [SHWNK-NWT5S][EC 100663304] No such command on config line 10:   neighbor 100.100.1.3 remote-as 100
2023/11/08 19:11:50 ZEBRA: [SHWNK-NWT5S][EC 100663304] No such command on config line 11:   neighbor 100.100.1.3 update-source 172.17.4.1
2023/11/08 19:11:50 ZEBRA: [SHWNK-NWT5S][EC 100663304] No such command on config line 12:   neighbor 100.100.1.3 next-hop-self
2023/11/08 19:11:50 ZEBRA: [SHWNK-NWT5S][EC 100663304] No such command on config line 14:   address-family ipv4 unicast
2023/11/08 19:11:50 ZEBRA: [SHWNK-NWT5S][EC 100663304] No such command on config line 15:     network 10.4.1.126/25
2023/11/08 19:11:50 ZEBRA: [SHWNK-NWT5S][EC 100663304] No such command on config line 16:     network 10.4.1.254/25
2023/11/08 19:11:50 ZEBRA: [SHWNK-NWT5S][EC 100663304] No such command on config line 17:   exit-address-family
2023/11/08 19:11:50 ZEBRA: [V98V0-MTWPF] client 16 says hello and bids fair to announce only rip routes vrf=0
2023/11/08 19:11:50 ZEBRA: [V98V0-MTWPF] client 33 says hello and bids fair to announce only bgp routes vrf=0
2023/11/08 19:11:50 ZEBRA: [V98V0-MTWPF] client 36 says hello and bids fair to announce only vnc routes vrf=0
2023/11/08 19:23:31 ZEBRA: [HG1WF-2N96F] YANG model "ietf-inet-types@*" "*@*"not embedded, trying external file
2023/11/08 19:23:31 ZEBRA: [HG1WF-2N96F] YANG model "ietf-yang-types@*" "*@*"not embedded, trying external file
2023/11/08 19:23:31 ZEBRA: [HG1WF-2N96F] YANG model "ietf-yang-types@*" "*@*"not embedded, trying external file
2023/11/08 19:23:31 ZEBRA: [HG1WF-2N96F] YANG model "ietf-yang-types@*" "*@*"not embedded, trying external file
2023/11/08 19:23:31 ZEBRA: [HG1WF-2N96F] YANG model "ietf-inet-types@*" "*@*"not embedded, trying external file
2023/11/08 19:23:31 ZEBRA: [HG1WF-2N96F] YANG model "ietf-yang-types@*" "*@*"not embedded, trying external file
2023/11/08 19:23:31 ZEBRA: [HG1WF-2N96F] YANG model "ietf-inet-types@*" "*@*"not embedded, trying external file
2023/11/08 19:23:31 ZEBRA: [HG1WF-2N96F] YANG model "ietf-inet-types@*" "*@*"not embedded, trying external file
2023/11/08 19:23:31 ZEBRA: [HG1WF-2N96F] YANG model "ietf-yang-types@*" "*@*"not embedded, trying external file
2023/11/08 19:23:31 ZEBRA: [HG1WF-2N96F] YANG model "ietf-inet-types@*" "*@*"not embedded, trying external file
2023/11/08 19:23:31 ZEBRA: [HG1WF-2N96F] YANG model "ietf-inet-types@*" "*@*"not embedded, trying external file
2023/11/08 19:23:31 ZEBRA: [HG1WF-2N96F] YANG model "ietf-yang-types@*" "*@*"not embedded, trying external file
2023/11/08 19:23:31 ZEBRA: [HG1WF-2N96F] YANG model "ietf-inet-types@*" "*@*"not embedded, trying external file
2023/11/08 19:23:31 ZEBRA: [VMBPM-Q87BB] Setting netlink socket receive buffer size: 212992 -> 8388608
2023/11/08 19:23:31 ZEBRA: [VMBPM-Q87BB] Setting netlink socket receive buffer size: 212992 -> 8388608
2023/11/08 19:23:31 ZEBRA: [VMBPM-Q87BB] Setting netlink socket receive buffer size: 212992 -> 8388608
2023/11/08 19:23:31 ZEBRA: [VMBPM-Q87BB] Setting netlink socket receive buffer size: 212992 -> 8388608
2023/11/08 19:23:31 ZEBRA: [NNACN-54BDA][EC 4043309110] Disabling MPLS support (no kernel support)
2023/11/08 19:23:31 ZEBRA: [T83RR-8SM5G] zebra 8.1 starting: vty@2601
2023/11/08 19:23:31 ZEBRA: [SHWNK-NWT5S][EC 100663304] No such command on config line 2: router bgp 400
2023/11/08 19:23:31 ZEBRA: [SHWNK-NWT5S][EC 100663304] No such command on config line 3:   bgp router-id 100.100.4.1
2023/11/08 19:23:31 ZEBRA: [SHWNK-NWT5S][EC 100663304] No such command on config line 4:   no bgp ebgp-requires-policy
2023/11/08 19:23:31 ZEBRA: [SHWNK-NWT5S][EC 100663304] No such command on config line 6:   neighbor 172.17.3.0 remote-as 100
2023/11/08 19:23:31 ZEBRA: [SHWNK-NWT5S][EC 100663304] No such command on config line 7:   neighbor 172.17.4.0 remote-as 100
2023/11/08 19:23:31 ZEBRA: [SHWNK-NWT5S][EC 100663304] No such command on config line 9:   address-family ipv4 unicast
2023/11/08 19:23:31 ZEBRA: [SHWNK-NWT5S][EC 100663304] No such command on config line 10:     network 10.4.1.126/25
2023/11/08 19:23:31 ZEBRA: [SHWNK-NWT5S][EC 100663304] No such command on config line 11:     network 10.4.1.254/25
2023/11/08 19:23:31 ZEBRA: [SHWNK-NWT5S][EC 100663304] No such command on config line 12:   exit-address-family
2023/11/08 19:23:31 ZEBRA: [V98V0-MTWPF] client 16 says hello and bids fair to announce only rip routes vrf=0
2023/11/08 19:23:31 ZEBRA: [V98V0-MTWPF] client 36 says hello and bids fair to announce only vnc routes vrf=0
2023/11/08 19:23:31 ZEBRA: [V98V0-MTWPF] client 33 says hello and bids fair to announce only bgp routes vrf=0
2023/11/08 19:25:43 ZEBRA: [HG1WF-2N96F] YANG model "ietf-inet-types@*" "*@*"not embedded, trying external file
2023/11/08 19:25:43 ZEBRA: [HG1WF-2N96F] YANG model "ietf-yang-types@*" "*@*"not embedded, trying external file
2023/11/08 19:25:43 ZEBRA: [HG1WF-2N96F] YANG model "ietf-yang-types@*" "*@*"not embedded, trying external file
2023/11/08 19:25:43 ZEBRA: [HG1WF-2N96F] YANG model "ietf-yang-types@*" "*@*"not embedded, trying external file
2023/11/08 19:25:43 ZEBRA: [HG1WF-2N96F] YANG model "ietf-inet-types@*" "*@*"not embedded, trying external file
2023/11/08 19:25:43 ZEBRA: [HG1WF-2N96F] YANG model "ietf-yang-types@*" "*@*"not embedded, trying external file
2023/11/08 19:25:43 ZEBRA: [HG1WF-2N96F] YANG model "ietf-inet-types@*" "*@*"not embedded, trying external file
2023/11/08 19:25:43 ZEBRA: [HG1WF-2N96F] YANG model "ietf-inet-types@*" "*@*"not embedded, trying external file
2023/11/08 19:25:43 ZEBRA: [HG1WF-2N96F] YANG model "ietf-yang-types@*" "*@*"not embedded, trying external file
2023/11/08 19:25:43 ZEBRA: [HG1WF-2N96F] YANG model "ietf-inet-types@*" "*@*"not embedded, trying external file
2023/11/08 19:25:43 ZEBRA: [HG1WF-2N96F] YANG model "ietf-inet-types@*" "*@*"not embedded, trying external file
2023/11/08 19:25:43 ZEBRA: [HG1WF-2N96F] YANG model "ietf-yang-types@*" "*@*"not embedded, trying external file
2023/11/08 19:25:43 ZEBRA: [HG1WF-2N96F] YANG model "ietf-inet-types@*" "*@*"not embedded, trying external file
2023/11/08 19:25:43 ZEBRA: [VMBPM-Q87BB] Setting netlink socket receive buffer size: 212992 -> 8388608
2023/11/08 19:25:43 ZEBRA: [VMBPM-Q87BB] Setting netlink socket receive buffer size: 212992 -> 8388608
2023/11/08 19:25:43 ZEBRA: [VMBPM-Q87BB] Setting netlink socket receive buffer size: 212992 -> 8388608
2023/11/08 19:25:43 ZEBRA: [VMBPM-Q87BB] Setting netlink socket receive buffer size: 212992 -> 8388608
2023/11/08 19:25:43 ZEBRA: [NNACN-54BDA][EC 4043309110] Disabling MPLS support (no kernel support)
2023/11/08 19:25:43 ZEBRA: [T83RR-8SM5G] zebra 8.1 starting: vty@2601
2023/11/08 19:25:43 ZEBRA: [SHWNK-NWT5S][EC 100663304] No such command on config line 2: router bgp 400
2023/11/08 19:25:43 ZEBRA: [SHWNK-NWT5S][EC 100663304] No such command on config line 3:   bgp router-id 100.100.4.1
2023/11/08 19:25:43 ZEBRA: [SHWNK-NWT5S][EC 100663304] No such command on config line 4:   no bgp ebgp-requires-policy
2023/11/08 19:25:43 ZEBRA: [SHWNK-NWT5S][EC 100663304] No such command on config line 6:   neighbor 172.17.3.0 remote-as 100
2023/11/08 19:25:43 ZEBRA: [SHWNK-NWT5S][EC 100663304] No such command on config line 7:   neighbor 172.17.4.0 remote-as 100
2023/11/08 19:25:43 ZEBRA: [SHWNK-NWT5S][EC 100663304] No such command on config line 9:   address-family ipv4 unicast
2023/11/08 19:25:43 ZEBRA: [SHWNK-NWT5S][EC 100663304] No such command on config line 10:     network 10.4.1.126/25
2023/11/08 19:25:43 ZEBRA: [SHWNK-NWT5S][EC 100663304] No such command on config line 11:     network 10.4.1.254/25
2023/11/08 19:25:43 ZEBRA: [SHWNK-NWT5S][EC 100663304] No such command on config line 12:   exit-address-family
2023/11/08 19:25:43 ZEBRA: [V98V0-MTWPF] client 16 says hello and bids fair to announce only rip routes vrf=0
2023/11/08 19:25:43 ZEBRA: [V98V0-MTWPF] client 33 says hello and bids fair to announce only bgp routes vrf=0
2023/11/08 19:25:43 ZEBRA: [V98V0-MTWPF] client 36 says hello and bids fair to announce only vnc routes vrf=0
2023/11/08 19:31:13 ZEBRA: [WVJCK-PPMGD][EC 4043309093] netlink-dp (NS 0) error: No such file or directory, type=RTM_DELNEXTHOP(105), seq=28, pid=3626947542
2023/11/08 19:31:13 ZEBRA: [YA619-S7J5M][EC 4043309075] Failed to uninstall Nexthop ID (22) from the kernel
2023/11/08 19:31:20 ZEBRA: [HG1WF-2N96F] YANG model "ietf-inet-types@*" "*@*"not embedded, trying external file
2023/11/08 19:31:20 ZEBRA: [HG1WF-2N96F] YANG model "ietf-yang-types@*" "*@*"not embedded, trying external file
2023/11/08 19:31:20 ZEBRA: [HG1WF-2N96F] YANG model "ietf-yang-types@*" "*@*"not embedded, trying external file
2023/11/08 19:31:20 ZEBRA: [HG1WF-2N96F] YANG model "ietf-yang-types@*" "*@*"not embedded, trying external file
2023/11/08 19:31:20 ZEBRA: [HG1WF-2N96F] YANG model "ietf-inet-types@*" "*@*"not embedded, trying external file
2023/11/08 19:31:20 ZEBRA: [HG1WF-2N96F] YANG model "ietf-yang-types@*" "*@*"not embedded, trying external file
2023/11/08 19:31:20 ZEBRA: [HG1WF-2N96F] YANG model "ietf-inet-types@*" "*@*"not embedded, trying external file
2023/11/08 19:31:20 ZEBRA: [HG1WF-2N96F] YANG model "ietf-inet-types@*" "*@*"not embedded, trying external file
2023/11/08 19:31:20 ZEBRA: [HG1WF-2N96F] YANG model "ietf-yang-types@*" "*@*"not embedded, trying external file
2023/11/08 19:31:20 ZEBRA: [HG1WF-2N96F] YANG model "ietf-inet-types@*" "*@*"not embedded, trying external file
2023/11/08 19:31:20 ZEBRA: [HG1WF-2N96F] YANG model "ietf-inet-types@*" "*@*"not embedded, trying external file
2023/11/08 19:31:20 ZEBRA: [HG1WF-2N96F] YANG model "ietf-yang-types@*" "*@*"not embedded, trying external file
2023/11/08 19:31:20 ZEBRA: [HG1WF-2N96F] YANG model "ietf-inet-types@*" "*@*"not embedded, trying external file
2023/11/08 19:31:20 ZEBRA: [VMBPM-Q87BB] Setting netlink socket receive buffer size: 212992 -> 8388608
2023/11/08 19:31:20 ZEBRA: [VMBPM-Q87BB] Setting netlink socket receive buffer size: 212992 -> 8388608
2023/11/08 19:31:20 ZEBRA: [VMBPM-Q87BB] Setting netlink socket receive buffer size: 212992 -> 8388608
2023/11/08 19:31:20 ZEBRA: [VMBPM-Q87BB] Setting netlink socket receive buffer size: 212992 -> 8388608
2023/11/08 19:31:20 ZEBRA: [NNACN-54BDA][EC 4043309110] Disabling MPLS support (no kernel support)
2023/11/08 19:31:20 ZEBRA: [T83RR-8SM5G] zebra 8.1 starting: vty@2601
2023/11/08 19:31:20 ZEBRA: [SHWNK-NWT5S][EC 100663304] No such command on config line 2: router bgp 400
2023/11/08 19:31:20 ZEBRA: [SHWNK-NWT5S][EC 100663304] No such command on config line 3:   bgp router-id 100.100.4.1
2023/11/08 19:31:20 ZEBRA: [SHWNK-NWT5S][EC 100663304] No such command on config line 4:   no bgp ebgp-requires-policy
2023/11/08 19:31:20 ZEBRA: [SHWNK-NWT5S][EC 100663304] No such command on config line 6:   neighbor 172.17.3.0 remote-as 100
2023/11/08 19:31:20 ZEBRA: [SHWNK-NWT5S][EC 100663304] No such command on config line 7:   neighbor 172.17.4.0 remote-as 100
2023/11/08 19:31:20 ZEBRA: [SHWNK-NWT5S][EC 100663304] No such command on config line 9:   address-family ipv4 unicast
2023/11/08 19:31:20 ZEBRA: [SHWNK-NWT5S][EC 100663304] No such command on config line 10:     network 10.4.1.126/25
2023/11/08 19:31:20 ZEBRA: [SHWNK-NWT5S][EC 100663304] No such command on config line 11:     network 10.4.1.254/25
2023/11/08 19:31:20 ZEBRA: [SHWNK-NWT5S][EC 100663304] No such command on config line 12:   exit-address-family
2023/11/08 19:31:20 ZEBRA: [V98V0-MTWPF] client 16 says hello and bids fair to announce only rip routes vrf=0
2023/11/08 19:31:20 ZEBRA: [V98V0-MTWPF] client 33 says hello and bids fair to announce only bgp routes vrf=0
2023/11/08 19:31:20 ZEBRA: [V98V0-MTWPF] client 36 says hello and bids fair to announce only vnc routes vrf=0
2023/11/08 19:34:46 ZEBRA: [WVJCK-PPMGD][EC 4043309093] netlink-dp (NS 0) error: No such file or directory, type=RTM_DELNEXTHOP(105), seq=36, pid=3889665387
2023/11/08 19:34:46 ZEBRA: [YA619-S7J5M][EC 4043309075] Failed to uninstall Nexthop ID (20) from the kernel
2023/11/08 19:34:46 ZEBRA: [WVJCK-PPMGD][EC 4043309093] netlink-dp (NS 0) error: No such file or directory, type=RTM_DELNEXTHOP(105), seq=44, pid=3889665387
2023/11/08 19:34:46 ZEBRA: [YA619-S7J5M][EC 4043309075] Failed to uninstall Nexthop ID (23) from the kernel
2023/11/08 19:49:11 ZEBRA: [HG1WF-2N96F] YANG model "ietf-inet-types@*" "*@*"not embedded, trying external file
2023/11/08 19:49:11 ZEBRA: [HG1WF-2N96F] YANG model "ietf-yang-types@*" "*@*"not embedded, trying external file
2023/11/08 19:49:11 ZEBRA: [HG1WF-2N96F] YANG model "ietf-yang-types@*" "*@*"not embedded, trying external file
2023/11/08 19:49:11 ZEBRA: [HG1WF-2N96F] YANG model "ietf-yang-types@*" "*@*"not embedded, trying external file
2023/11/08 19:49:11 ZEBRA: [HG1WF-2N96F] YANG model "ietf-inet-types@*" "*@*"not embedded, trying external file
2023/11/08 19:49:11 ZEBRA: [HG1WF-2N96F] YANG model "ietf-yang-types@*" "*@*"not embedded, trying external file
2023/11/08 19:49:11 ZEBRA: [HG1WF-2N96F] YANG model "ietf-inet-types@*" "*@*"not embedded, trying external file
2023/11/08 19:49:11 ZEBRA: [HG1WF-2N96F] YANG model "ietf-inet-types@*" "*@*"not embedded, trying external file
2023/11/08 19:49:11 ZEBRA: [HG1WF-2N96F] YANG model "ietf-yang-types@*" "*@*"not embedded, trying external file
2023/11/08 19:49:11 ZEBRA: [HG1WF-2N96F] YANG model "ietf-inet-types@*" "*@*"not embedded, trying external file
2023/11/08 19:49:11 ZEBRA: [HG1WF-2N96F] YANG model "ietf-inet-types@*" "*@*"not embedded, trying external file
2023/11/08 19:49:11 ZEBRA: [HG1WF-2N96F] YANG model "ietf-yang-types@*" "*@*"not embedded, trying external file
2023/11/08 19:49:11 ZEBRA: [HG1WF-2N96F] YANG model "ietf-inet-types@*" "*@*"not embedded, trying external file
2023/11/08 19:49:11 ZEBRA: [VMBPM-Q87BB] Setting netlink socket receive buffer size: 212992 -> 8388608
2023/11/08 19:49:11 ZEBRA: [VMBPM-Q87BB] Setting netlink socket receive buffer size: 212992 -> 8388608
2023/11/08 19:49:11 ZEBRA: [VMBPM-Q87BB] Setting netlink socket receive buffer size: 212992 -> 8388608
2023/11/08 19:49:11 ZEBRA: [VMBPM-Q87BB] Setting netlink socket receive buffer size: 212992 -> 8388608
2023/11/08 19:49:11 ZEBRA: [NNACN-54BDA][EC 4043309110] Disabling MPLS support (no kernel support)
2023/11/08 19:49:11 ZEBRA: [T83RR-8SM5G] zebra 8.1 starting: vty@2601
2023/11/08 19:49:11 ZEBRA: [SHWNK-NWT5S][EC 100663304] No such command on config line 2: router bgp 400
2023/11/08 19:49:11 ZEBRA: [SHWNK-NWT5S][EC 100663304] No such command on config line 3:   bgp router-id 100.100.4.1
2023/11/08 19:49:11 ZEBRA: [SHWNK-NWT5S][EC 100663304] No such command on config line 4:   no bgp ebgp-requires-policy
2023/11/08 19:49:11 ZEBRA: [SHWNK-NWT5S][EC 100663304] No such command on config line 6:   neighbor 172.17.3.0 remote-as 100
2023/11/08 19:49:11 ZEBRA: [SHWNK-NWT5S][EC 100663304] No such command on config line 7:   neighbor 172.17.4.0 remote-as 100
2023/11/08 19:49:11 ZEBRA: [SHWNK-NWT5S][EC 100663304] No such command on config line 9:   address-family ipv4 unicast
2023/11/08 19:49:11 ZEBRA: [SHWNK-NWT5S][EC 100663304] No such command on config line 10:     network 10.4.1.126/25
2023/11/08 19:49:11 ZEBRA: [SHWNK-NWT5S][EC 100663304] No such command on config line 11:     network 10.4.1.254/25
2023/11/08 19:49:11 ZEBRA: [SHWNK-NWT5S][EC 100663304] No such command on config line 12:   exit-address-family
2023/11/08 19:49:11 ZEBRA: [V98V0-MTWPF] client 16 says hello and bids fair to announce only rip routes vrf=0
2023/11/08 19:49:11 ZEBRA: [V98V0-MTWPF] client 33 says hello and bids fair to announce only bgp routes vrf=0
2023/11/08 19:49:11 ZEBRA: [V98V0-MTWPF] client 36 says hello and bids fair to announce only vnc routes vrf=0
2023/11/08 19:56:00 ZEBRA: [HG1WF-2N96F] YANG model "ietf-inet-types@*" "*@*"not embedded, trying external file
2023/11/08 19:56:00 ZEBRA: [HG1WF-2N96F] YANG model "ietf-yang-types@*" "*@*"not embedded, trying external file
2023/11/08 19:56:00 ZEBRA: [HG1WF-2N96F] YANG model "ietf-yang-types@*" "*@*"not embedded, trying external file
2023/11/08 19:56:00 ZEBRA: [HG1WF-2N96F] YANG model "ietf-yang-types@*" "*@*"not embedded, trying external file
2023/11/08 19:56:00 ZEBRA: [HG1WF-2N96F] YANG model "ietf-inet-types@*" "*@*"not embedded, trying external file
2023/11/08 19:56:00 ZEBRA: [HG1WF-2N96F] YANG model "ietf-yang-types@*" "*@*"not embedded, trying external file
2023/11/08 19:56:00 ZEBRA: [HG1WF-2N96F] YANG model "ietf-inet-types@*" "*@*"not embedded, trying external file
2023/11/08 19:56:00 ZEBRA: [HG1WF-2N96F] YANG model "ietf-inet-types@*" "*@*"not embedded, trying external file
2023/11/08 19:56:00 ZEBRA: [HG1WF-2N96F] YANG model "ietf-yang-types@*" "*@*"not embedded, trying external file
2023/11/08 19:56:00 ZEBRA: [HG1WF-2N96F] YANG model "ietf-inet-types@*" "*@*"not embedded, trying external file
2023/11/08 19:56:00 ZEBRA: [HG1WF-2N96F] YANG model "ietf-inet-types@*" "*@*"not embedded, trying external file
2023/11/08 19:56:00 ZEBRA: [HG1WF-2N96F] YANG model "ietf-yang-types@*" "*@*"not embedded, trying external file
2023/11/08 19:56:00 ZEBRA: [HG1WF-2N96F] YANG model "ietf-inet-types@*" "*@*"not embedded, trying external file
2023/11/08 19:56:00 ZEBRA: [VMBPM-Q87BB] Setting netlink socket receive buffer size: 212992 -> 8388608
2023/11/08 19:56:00 ZEBRA: [VMBPM-Q87BB] Setting netlink socket receive buffer size: 212992 -> 8388608
2023/11/08 19:56:00 ZEBRA: [VMBPM-Q87BB] Setting netlink socket receive buffer size: 212992 -> 8388608
2023/11/08 19:56:00 ZEBRA: [VMBPM-Q87BB] Setting netlink socket receive buffer size: 212992 -> 8388608
2023/11/08 19:56:00 ZEBRA: [NNACN-54BDA][EC 4043309110] Disabling MPLS support (no kernel support)
2023/11/08 19:56:00 ZEBRA: [T83RR-8SM5G] zebra 8.1 starting: vty@2601
2023/11/08 19:56:00 ZEBRA: [SHWNK-NWT5S][EC 100663304] No such command on config line 2: router bgp 400
2023/11/08 19:56:00 ZEBRA: [SHWNK-NWT5S][EC 100663304] No such command on config line 3:   bgp router-id 100.100.4.1
2023/11/08 19:56:00 ZEBRA: [SHWNK-NWT5S][EC 100663304] No such command on config line 4:   no bgp ebgp-requires-policy
2023/11/08 19:56:00 ZEBRA: [SHWNK-NWT5S][EC 100663304] No such command on config line 6:   neighbor 172.17.3.0 remote-as 100
2023/11/08 19:56:00 ZEBRA: [SHWNK-NWT5S][EC 100663304] No such command on config line 7:   neighbor 172.17.4.0 remote-as 100
2023/11/08 19:56:00 ZEBRA: [SHWNK-NWT5S][EC 100663304] No such command on config line 9:   address-family ipv4 unicast
2023/11/08 19:56:00 ZEBRA: [SHWNK-NWT5S][EC 100663304] No such command on config line 10:     network 10.4.1.126/25
2023/11/08 19:56:00 ZEBRA: [SHWNK-NWT5S][EC 100663304] No such command on config line 11:     network 10.4.1.254/25
2023/11/08 19:56:00 ZEBRA: [SHWNK-NWT5S][EC 100663304] No such command on config line 12:   exit-address-family
2023/11/08 19:56:00 ZEBRA: [V98V0-MTWPF] client 16 says hello and bids fair to announce only rip routes vrf=0
2023/11/08 19:56:01 ZEBRA: [V98V0-MTWPF] client 33 says hello and bids fair to announce only bgp routes vrf=0
2023/11/08 19:56:01 ZEBRA: [V98V0-MTWPF] client 36 says hello and bids fair to announce only vnc routes vrf=0
2023/11/08 20:11:32 ZEBRA: [HG1WF-2N96F] YANG model "ietf-inet-types@*" "*@*"not embedded, trying external file
2023/11/08 20:11:32 ZEBRA: [HG1WF-2N96F] YANG model "ietf-yang-types@*" "*@*"not embedded, trying external file
2023/11/08 20:11:32 ZEBRA: [HG1WF-2N96F] YANG model "ietf-yang-types@*" "*@*"not embedded, trying external file
2023/11/08 20:11:32 ZEBRA: [HG1WF-2N96F] YANG model "ietf-yang-types@*" "*@*"not embedded, trying external file
2023/11/08 20:11:32 ZEBRA: [HG1WF-2N96F] YANG model "ietf-inet-types@*" "*@*"not embedded, trying external file
2023/11/08 20:11:32 ZEBRA: [HG1WF-2N96F] YANG model "ietf-yang-types@*" "*@*"not embedded, trying external file
2023/11/08 20:11:32 ZEBRA: [HG1WF-2N96F] YANG model "ietf-inet-types@*" "*@*"not embedded, trying external file
2023/11/08 20:11:32 ZEBRA: [HG1WF-2N96F] YANG model "ietf-inet-types@*" "*@*"not embedded, trying external file
2023/11/08 20:11:32 ZEBRA: [HG1WF-2N96F] YANG model "ietf-yang-types@*" "*@*"not embedded, trying external file
2023/11/08 20:11:32 ZEBRA: [HG1WF-2N96F] YANG model "ietf-inet-types@*" "*@*"not embedded, trying external file
2023/11/08 20:11:32 ZEBRA: [HG1WF-2N96F] YANG model "ietf-inet-types@*" "*@*"not embedded, trying external file
2023/11/08 20:11:32 ZEBRA: [HG1WF-2N96F] YANG model "ietf-yang-types@*" "*@*"not embedded, trying external file
2023/11/08 20:11:32 ZEBRA: [HG1WF-2N96F] YANG model "ietf-inet-types@*" "*@*"not embedded, trying external file
2023/11/08 20:11:32 ZEBRA: [VMBPM-Q87BB] Setting netlink socket receive buffer size: 212992 -> 8388608
2023/11/08 20:11:32 ZEBRA: [VMBPM-Q87BB] Setting netlink socket receive buffer size: 212992 -> 8388608
2023/11/08 20:11:32 ZEBRA: [VMBPM-Q87BB] Setting netlink socket receive buffer size: 212992 -> 8388608
2023/11/08 20:11:32 ZEBRA: [VMBPM-Q87BB] Setting netlink socket receive buffer size: 212992 -> 8388608
2023/11/08 20:11:32 ZEBRA: [NNACN-54BDA][EC 4043309110] Disabling MPLS support (no kernel support)
2023/11/08 20:11:32 ZEBRA: [T83RR-8SM5G] zebra 8.1 starting: vty@2601
2023/11/08 20:11:32 ZEBRA: [SHWNK-NWT5S][EC 100663304] No such command on config line 2: router bgp 400
2023/11/08 20:11:32 ZEBRA: [SHWNK-NWT5S][EC 100663304] No such command on config line 3:   bgp router-id 100.100.4.1
2023/11/08 20:11:32 ZEBRA: [SHWNK-NWT5S][EC 100663304] No such command on config line 4:   no bgp ebgp-requires-policy
2023/11/08 20:11:32 ZEBRA: [SHWNK-NWT5S][EC 100663304] No such command on config line 6:   neighbor 172.17.3.0 remote-as 100
2023/11/08 20:11:32 ZEBRA: [SHWNK-NWT5S][EC 100663304] No such command on config line 7:   neighbor 172.17.4.0 remote-as 100
2023/11/08 20:11:32 ZEBRA: [SHWNK-NWT5S][EC 100663304] No such command on config line 9:   address-family ipv4 unicast
2023/11/08 20:11:32 ZEBRA: [SHWNK-NWT5S][EC 100663304] No such command on config line 10:     network 10.4.1.126/25
2023/11/08 20:11:32 ZEBRA: [SHWNK-NWT5S][EC 100663304] No such command on config line 11:     network 10.4.1.254/25
2023/11/08 20:11:32 ZEBRA: [SHWNK-NWT5S][EC 100663304] No such command on config line 12:   exit-address-family
2023/11/08 20:11:32 ZEBRA: [V98V0-MTWPF] client 16 says hello and bids fair to announce only rip routes vrf=0
2023/11/08 20:11:32 ZEBRA: [V98V0-MTWPF] client 33 says hello and bids fair to announce only bgp routes vrf=0
2023/11/08 20:11:32 ZEBRA: [V98V0-MTWPF] client 36 says hello and bids fair to announce only vnc routes vrf=0
2023/11/08 20:28:02 ZEBRA: [HG1WF-2N96F] YANG model "ietf-inet-types@*" "*@*"not embedded, trying external file
2023/11/08 20:28:02 ZEBRA: [HG1WF-2N96F] YANG model "ietf-yang-types@*" "*@*"not embedded, trying external file
2023/11/08 20:28:02 ZEBRA: [HG1WF-2N96F] YANG model "ietf-yang-types@*" "*@*"not embedded, trying external file
2023/11/08 20:28:02 ZEBRA: [HG1WF-2N96F] YANG model "ietf-yang-types@*" "*@*"not embedded, trying external file
2023/11/08 20:28:02 ZEBRA: [HG1WF-2N96F] YANG model "ietf-inet-types@*" "*@*"not embedded, trying external file
2023/11/08 20:28:02 ZEBRA: [HG1WF-2N96F] YANG model "ietf-yang-types@*" "*@*"not embedded, trying external file
2023/11/08 20:28:02 ZEBRA: [HG1WF-2N96F] YANG model "ietf-inet-types@*" "*@*"not embedded, trying external file
2023/11/08 20:28:02 ZEBRA: [HG1WF-2N96F] YANG model "ietf-inet-types@*" "*@*"not embedded, trying external file
2023/11/08 20:28:02 ZEBRA: [HG1WF-2N96F] YANG model "ietf-yang-types@*" "*@*"not embedded, trying external file
2023/11/08 20:28:02 ZEBRA: [HG1WF-2N96F] YANG model "ietf-inet-types@*" "*@*"not embedded, trying external file
2023/11/08 20:28:02 ZEBRA: [HG1WF-2N96F] YANG model "ietf-inet-types@*" "*@*"not embedded, trying external file
2023/11/08 20:28:02 ZEBRA: [HG1WF-2N96F] YANG model "ietf-yang-types@*" "*@*"not embedded, trying external file
2023/11/08 20:28:02 ZEBRA: [HG1WF-2N96F] YANG model "ietf-inet-types@*" "*@*"not embedded, trying external file
2023/11/08 20:28:02 ZEBRA: [VMBPM-Q87BB] Setting netlink socket receive buffer size: 212992 -> 8388608
2023/11/08 20:28:02 ZEBRA: [VMBPM-Q87BB] Setting netlink socket receive buffer size: 212992 -> 8388608
2023/11/08 20:28:02 ZEBRA: [VMBPM-Q87BB] Setting netlink socket receive buffer size: 212992 -> 8388608
2023/11/08 20:28:02 ZEBRA: [VMBPM-Q87BB] Setting netlink socket receive buffer size: 212992 -> 8388608
2023/11/08 20:28:03 ZEBRA: [NNACN-54BDA][EC 4043309110] Disabling MPLS support (no kernel support)
2023/11/08 20:28:03 ZEBRA: [T83RR-8SM5G] zebra 8.1 starting: vty@2601
2023/11/08 20:28:03 ZEBRA: [SHWNK-NWT5S][EC 100663304] No such command on config line 2: router bgp 400
2023/11/08 20:28:03 ZEBRA: [SHWNK-NWT5S][EC 100663304] No such command on config line 3:   bgp router-id 100.100.4.1
2023/11/08 20:28:03 ZEBRA: [SHWNK-NWT5S][EC 100663304] No such command on config line 4:   no bgp ebgp-requires-policy
2023/11/08 20:28:03 ZEBRA: [SHWNK-NWT5S][EC 100663304] No such command on config line 7:   neighbor 172.17.3.0 remote-as 100
2023/11/08 20:28:03 ZEBRA: [SHWNK-NWT5S][EC 100663304] No such command on config line 8:   neighbor 172.17.3.0 next-hop-self
2023/11/08 20:28:03 ZEBRA: [SHWNK-NWT5S][EC 100663304] No such command on config line 11:   neighbor 172.17.4.0 remote-as 100
2023/11/08 20:28:03 ZEBRA: [SHWNK-NWT5S][EC 100663304] No such command on config line 12:   neighbor 172.17.4.0 next-hop-self
2023/11/08 20:28:03 ZEBRA: [SHWNK-NWT5S][EC 100663304] No such command on config line 14:   address-family ipv4 unicast
2023/11/08 20:28:03 ZEBRA: [SHWNK-NWT5S][EC 100663304] No such command on config line 15:     network 10.4.1.0/25
2023/11/08 20:28:03 ZEBRA: [SHWNK-NWT5S][EC 100663304] No such command on config line 16:     network 10.4.1.128/25
2023/11/08 20:28:03 ZEBRA: [SHWNK-NWT5S][EC 100663304] No such command on config line 17:     network 172.17.3.0/31
2023/11/08 20:28:03 ZEBRA: [SHWNK-NWT5S][EC 100663304] No such command on config line 18:     network 172.17.4.0/31
2023/11/08 20:28:03 ZEBRA: [SHWNK-NWT5S][EC 100663304] No such command on config line 19:   exit-address-family
2023/11/08 20:28:03 ZEBRA: [V98V0-MTWPF] client 16 says hello and bids fair to announce only rip routes vrf=0
2023/11/08 20:28:03 ZEBRA: [V98V0-MTWPF] client 33 says hello and bids fair to announce only bgp routes vrf=0
2023/11/08 20:28:03 ZEBRA: [V98V0-MTWPF] client 36 says hello and bids fair to announce only vnc routes vrf=0
2023/11/08 20:28:38 ZEBRA: [HG1WF-2N96F] YANG model "ietf-inet-types@*" "*@*"not embedded, trying external file
2023/11/08 20:28:38 ZEBRA: [HG1WF-2N96F] YANG model "ietf-yang-types@*" "*@*"not embedded, trying external file
2023/11/08 20:28:38 ZEBRA: [HG1WF-2N96F] YANG model "ietf-yang-types@*" "*@*"not embedded, trying external file
2023/11/08 20:28:38 ZEBRA: [HG1WF-2N96F] YANG model "ietf-yang-types@*" "*@*"not embedded, trying external file
2023/11/08 20:28:38 ZEBRA: [HG1WF-2N96F] YANG model "ietf-inet-types@*" "*@*"not embedded, trying external file
2023/11/08 20:28:38 ZEBRA: [HG1WF-2N96F] YANG model "ietf-yang-types@*" "*@*"not embedded, trying external file
2023/11/08 20:28:38 ZEBRA: [HG1WF-2N96F] YANG model "ietf-inet-types@*" "*@*"not embedded, trying external file
2023/11/08 20:28:38 ZEBRA: [HG1WF-2N96F] YANG model "ietf-inet-types@*" "*@*"not embedded, trying external file
2023/11/08 20:28:38 ZEBRA: [HG1WF-2N96F] YANG model "ietf-yang-types@*" "*@*"not embedded, trying external file
2023/11/08 20:28:38 ZEBRA: [HG1WF-2N96F] YANG model "ietf-inet-types@*" "*@*"not embedded, trying external file
2023/11/08 20:28:38 ZEBRA: [HG1WF-2N96F] YANG model "ietf-inet-types@*" "*@*"not embedded, trying external file
2023/11/08 20:28:38 ZEBRA: [HG1WF-2N96F] YANG model "ietf-yang-types@*" "*@*"not embedded, trying external file
2023/11/08 20:28:38 ZEBRA: [HG1WF-2N96F] YANG model "ietf-inet-types@*" "*@*"not embedded, trying external file
2023/11/08 20:28:38 ZEBRA: [VMBPM-Q87BB] Setting netlink socket receive buffer size: 212992 -> 8388608
2023/11/08 20:28:38 ZEBRA: [VMBPM-Q87BB] Setting netlink socket receive buffer size: 212992 -> 8388608
2023/11/08 20:28:38 ZEBRA: [VMBPM-Q87BB] Setting netlink socket receive buffer size: 212992 -> 8388608
2023/11/08 20:28:38 ZEBRA: [VMBPM-Q87BB] Setting netlink socket receive buffer size: 212992 -> 8388608
2023/11/08 20:28:38 ZEBRA: [NNACN-54BDA][EC 4043309110] Disabling MPLS support (no kernel support)
2023/11/08 20:28:38 ZEBRA: [T83RR-8SM5G] zebra 8.1 starting: vty@2601
2023/11/08 20:28:38 ZEBRA: [SHWNK-NWT5S][EC 100663304] No such command on config line 2: router bgp 400
2023/11/08 20:28:38 ZEBRA: [SHWNK-NWT5S][EC 100663304] No such command on config line 3:   bgp router-id 100.100.4.1
2023/11/08 20:28:38 ZEBRA: [SHWNK-NWT5S][EC 100663304] No such command on config line 4:   no bgp ebgp-requires-policy
2023/11/08 20:28:38 ZEBRA: [SHWNK-NWT5S][EC 100663304] No such command on config line 7:   neighbor 172.17.3.0 remote-as 100
2023/11/08 20:28:38 ZEBRA: [SHWNK-NWT5S][EC 100663304] No such command on config line 8:   neighbor 172.17.3.0 next-hop-self
2023/11/08 20:28:38 ZEBRA: [SHWNK-NWT5S][EC 100663304] No such command on config line 11:   neighbor 172.17.4.0 remote-as 100
2023/11/08 20:28:38 ZEBRA: [SHWNK-NWT5S][EC 100663304] No such command on config line 12:   neighbor 172.17.4.0 next-hop-self
2023/11/08 20:28:38 ZEBRA: [SHWNK-NWT5S][EC 100663304] No such command on config line 14:   address-family ipv4 unicast
2023/11/08 20:28:38 ZEBRA: [SHWNK-NWT5S][EC 100663304] No such command on config line 15:     network 10.4.1.0/25
2023/11/08 20:28:38 ZEBRA: [SHWNK-NWT5S][EC 100663304] No such command on config line 16:     network 10.4.1.128/25
2023/11/08 20:28:38 ZEBRA: [SHWNK-NWT5S][EC 100663304] No such command on config line 17:     network 172.17.3.0/31
2023/11/08 20:28:38 ZEBRA: [SHWNK-NWT5S][EC 100663304] No such command on config line 18:     network 172.17.4.0/31
2023/11/08 20:28:38 ZEBRA: [SHWNK-NWT5S][EC 100663304] No such command on config line 19:   exit-address-family
2023/11/08 20:28:38 ZEBRA: [V98V0-MTWPF] client 16 says hello and bids fair to announce only rip routes vrf=0
2023/11/08 20:28:38 ZEBRA: [V98V0-MTWPF] client 33 says hello and bids fair to announce only bgp routes vrf=0
2023/11/08 20:28:38 ZEBRA: [V98V0-MTWPF] client 36 says hello and bids fair to announce only vnc routes vrf=0
2023/11/08 20:38:18 ZEBRA: [HG1WF-2N96F] YANG model "ietf-inet-types@*" "*@*"not embedded, trying external file
2023/11/08 20:38:18 ZEBRA: [HG1WF-2N96F] YANG model "ietf-yang-types@*" "*@*"not embedded, trying external file
2023/11/08 20:38:18 ZEBRA: [HG1WF-2N96F] YANG model "ietf-yang-types@*" "*@*"not embedded, trying external file
2023/11/08 20:38:18 ZEBRA: [HG1WF-2N96F] YANG model "ietf-yang-types@*" "*@*"not embedded, trying external file
2023/11/08 20:38:18 ZEBRA: [HG1WF-2N96F] YANG model "ietf-inet-types@*" "*@*"not embedded, trying external file
2023/11/08 20:38:18 ZEBRA: [HG1WF-2N96F] YANG model "ietf-yang-types@*" "*@*"not embedded, trying external file
2023/11/08 20:38:18 ZEBRA: [HG1WF-2N96F] YANG model "ietf-inet-types@*" "*@*"not embedded, trying external file
2023/11/08 20:38:18 ZEBRA: [HG1WF-2N96F] YANG model "ietf-inet-types@*" "*@*"not embedded, trying external file
2023/11/08 20:38:18 ZEBRA: [HG1WF-2N96F] YANG model "ietf-yang-types@*" "*@*"not embedded, trying external file
2023/11/08 20:38:18 ZEBRA: [HG1WF-2N96F] YANG model "ietf-inet-types@*" "*@*"not embedded, trying external file
2023/11/08 20:38:18 ZEBRA: [HG1WF-2N96F] YANG model "ietf-inet-types@*" "*@*"not embedded, trying external file
2023/11/08 20:38:18 ZEBRA: [HG1WF-2N96F] YANG model "ietf-yang-types@*" "*@*"not embedded, trying external file
2023/11/08 20:38:18 ZEBRA: [HG1WF-2N96F] YANG model "ietf-inet-types@*" "*@*"not embedded, trying external file
2023/11/08 20:38:18 ZEBRA: [VMBPM-Q87BB] Setting netlink socket receive buffer size: 212992 -> 8388608
2023/11/08 20:38:18 ZEBRA: [VMBPM-Q87BB] Setting netlink socket receive buffer size: 212992 -> 8388608
2023/11/08 20:38:18 ZEBRA: [VMBPM-Q87BB] Setting netlink socket receive buffer size: 212992 -> 8388608
2023/11/08 20:38:18 ZEBRA: [VMBPM-Q87BB] Setting netlink socket receive buffer size: 212992 -> 8388608
2023/11/08 20:38:18 ZEBRA: [NNACN-54BDA][EC 4043309110] Disabling MPLS support (no kernel support)
2023/11/08 20:38:18 ZEBRA: [T83RR-8SM5G] zebra 8.1 starting: vty@2601
2023/11/08 20:38:18 ZEBRA: [SHWNK-NWT5S][EC 100663304] No such command on config line 2: router bgp 400
2023/11/08 20:38:18 ZEBRA: [SHWNK-NWT5S][EC 100663304] No such command on config line 3:   bgp router-id 100.100.4.1
2023/11/08 20:38:18 ZEBRA: [SHWNK-NWT5S][EC 100663304] No such command on config line 4:   no bgp ebgp-requires-policy
2023/11/08 20:38:18 ZEBRA: [SHWNK-NWT5S][EC 100663304] No such command on config line 7:   neighbor 172.17.3.0 remote-as 100
2023/11/08 20:38:18 ZEBRA: [SHWNK-NWT5S][EC 100663304] No such command on config line 8:   neighbor 172.17.3.0 next-hop-self
2023/11/08 20:38:18 ZEBRA: [SHWNK-NWT5S][EC 100663304] No such command on config line 11:   neighbor 172.17.4.0 remote-as 100
2023/11/08 20:38:18 ZEBRA: [SHWNK-NWT5S][EC 100663304] No such command on config line 12:   neighbor 172.17.4.0 next-hop-self
2023/11/08 20:38:18 ZEBRA: [SHWNK-NWT5S][EC 100663304] No such command on config line 14:   address-family ipv4 unicast
2023/11/08 20:38:18 ZEBRA: [SHWNK-NWT5S][EC 100663304] No such command on config line 15:     network 10.4.1.0/25
2023/11/08 20:38:18 ZEBRA: [SHWNK-NWT5S][EC 100663304] No such command on config line 16:     network 10.4.1.128/25
2023/11/08 20:38:18 ZEBRA: [SHWNK-NWT5S][EC 100663304] No such command on config line 17:     network 172.17.3.0/31
2023/11/08 20:38:18 ZEBRA: [SHWNK-NWT5S][EC 100663304] No such command on config line 18:     network 172.17.4.0/31
2023/11/08 20:38:18 ZEBRA: [SHWNK-NWT5S][EC 100663304] No such command on config line 19:   exit-address-family
2023/11/08 20:38:18 ZEBRA: [V98V0-MTWPF] client 16 says hello and bids fair to announce only rip routes vrf=0
2023/11/08 20:38:18 ZEBRA: [V98V0-MTWPF] client 33 says hello and bids fair to announce only bgp routes vrf=0
2023/11/08 20:38:18 ZEBRA: [V98V0-MTWPF] client 36 says hello and bids fair to announce only vnc routes vrf=0
2023/11/08 20:59:15 ZEBRA: [HG1WF-2N96F] YANG model "ietf-inet-types@*" "*@*"not embedded, trying external file
2023/11/08 20:59:15 ZEBRA: [HG1WF-2N96F] YANG model "ietf-yang-types@*" "*@*"not embedded, trying external file
2023/11/08 20:59:15 ZEBRA: [HG1WF-2N96F] YANG model "ietf-yang-types@*" "*@*"not embedded, trying external file
2023/11/08 20:59:15 ZEBRA: [HG1WF-2N96F] YANG model "ietf-yang-types@*" "*@*"not embedded, trying external file
2023/11/08 20:59:15 ZEBRA: [HG1WF-2N96F] YANG model "ietf-inet-types@*" "*@*"not embedded, trying external file
2023/11/08 20:59:15 ZEBRA: [HG1WF-2N96F] YANG model "ietf-yang-types@*" "*@*"not embedded, trying external file
2023/11/08 20:59:15 ZEBRA: [HG1WF-2N96F] YANG model "ietf-inet-types@*" "*@*"not embedded, trying external file
2023/11/08 20:59:15 ZEBRA: [HG1WF-2N96F] YANG model "ietf-inet-types@*" "*@*"not embedded, trying external file
2023/11/08 20:59:15 ZEBRA: [HG1WF-2N96F] YANG model "ietf-yang-types@*" "*@*"not embedded, trying external file
2023/11/08 20:59:15 ZEBRA: [HG1WF-2N96F] YANG model "ietf-inet-types@*" "*@*"not embedded, trying external file
2023/11/08 20:59:15 ZEBRA: [HG1WF-2N96F] YANG model "ietf-inet-types@*" "*@*"not embedded, trying external file
2023/11/08 20:59:15 ZEBRA: [HG1WF-2N96F] YANG model "ietf-yang-types@*" "*@*"not embedded, trying external file
2023/11/08 20:59:15 ZEBRA: [HG1WF-2N96F] YANG model "ietf-inet-types@*" "*@*"not embedded, trying external file
2023/11/08 20:59:15 ZEBRA: [VMBPM-Q87BB] Setting netlink socket receive buffer size: 212992 -> 8388608
2023/11/08 20:59:15 ZEBRA: [VMBPM-Q87BB] Setting netlink socket receive buffer size: 212992 -> 8388608
2023/11/08 20:59:15 ZEBRA: [VMBPM-Q87BB] Setting netlink socket receive buffer size: 212992 -> 8388608
2023/11/08 20:59:15 ZEBRA: [VMBPM-Q87BB] Setting netlink socket receive buffer size: 212992 -> 8388608
2023/11/08 20:59:15 ZEBRA: [NNACN-54BDA][EC 4043309110] Disabling MPLS support (no kernel support)
2023/11/08 20:59:15 ZEBRA: [T83RR-8SM5G] zebra 8.1 starting: vty@2601
2023/11/08 20:59:15 ZEBRA: [SHWNK-NWT5S][EC 100663304] No such command on config line 2: router bgp 400
2023/11/08 20:59:15 ZEBRA: [SHWNK-NWT5S][EC 100663304] No such command on config line 3:   bgp router-id 100.100.4.1
2023/11/08 20:59:15 ZEBRA: [SHWNK-NWT5S][EC 100663304] No such command on config line 4:   no bgp ebgp-requires-policy
2023/11/08 20:59:15 ZEBRA: [SHWNK-NWT5S][EC 100663304] No such command on config line 7:   neighbor 172.17.3.0 remote-as 100
2023/11/08 20:59:15 ZEBRA: [SHWNK-NWT5S][EC 100663304] No such command on config line 8:   neighbor 172.17.3.0 next-hop-self
2023/11/08 20:59:15 ZEBRA: [SHWNK-NWT5S][EC 100663304] No such command on config line 11:   neighbor 172.17.4.0 remote-as 100
2023/11/08 20:59:15 ZEBRA: [SHWNK-NWT5S][EC 100663304] No such command on config line 12:   neighbor 172.17.4.0 next-hop-self
2023/11/08 20:59:15 ZEBRA: [SHWNK-NWT5S][EC 100663304] No such command on config line 14:   address-family ipv4 unicast
2023/11/08 20:59:15 ZEBRA: [SHWNK-NWT5S][EC 100663304] No such command on config line 15:     network 10.4.1.0/25
2023/11/08 20:59:15 ZEBRA: [SHWNK-NWT5S][EC 100663304] No such command on config line 16:     network 10.4.1.128/25
2023/11/08 20:59:15 ZEBRA: [SHWNK-NWT5S][EC 100663304] No such command on config line 17:     network 172.17.3.0/31
2023/11/08 20:59:15 ZEBRA: [SHWNK-NWT5S][EC 100663304] No such command on config line 18:     network 172.17.4.0/31
2023/11/08 20:59:15 ZEBRA: [SHWNK-NWT5S][EC 100663304] No such command on config line 19:   exit-address-family
2023/11/08 20:59:15 ZEBRA: [V98V0-MTWPF] client 16 says hello and bids fair to announce only rip routes vrf=0
2023/11/08 20:59:16 ZEBRA: [V98V0-MTWPF] client 33 says hello and bids fair to announce only bgp routes vrf=0
2023/11/08 20:59:16 ZEBRA: [V98V0-MTWPF] client 36 says hello and bids fair to announce only vnc routes vrf=0
2023/11/08 21:17:39 ZEBRA: [HG1WF-2N96F] YANG model "ietf-inet-types@*" "*@*"not embedded, trying external file
2023/11/08 21:17:39 ZEBRA: [HG1WF-2N96F] YANG model "ietf-yang-types@*" "*@*"not embedded, trying external file
2023/11/08 21:17:39 ZEBRA: [HG1WF-2N96F] YANG model "ietf-yang-types@*" "*@*"not embedded, trying external file
2023/11/08 21:17:39 ZEBRA: [HG1WF-2N96F] YANG model "ietf-yang-types@*" "*@*"not embedded, trying external file
2023/11/08 21:17:39 ZEBRA: [HG1WF-2N96F] YANG model "ietf-inet-types@*" "*@*"not embedded, trying external file
2023/11/08 21:17:39 ZEBRA: [HG1WF-2N96F] YANG model "ietf-yang-types@*" "*@*"not embedded, trying external file
2023/11/08 21:17:39 ZEBRA: [HG1WF-2N96F] YANG model "ietf-inet-types@*" "*@*"not embedded, trying external file
2023/11/08 21:17:39 ZEBRA: [HG1WF-2N96F] YANG model "ietf-inet-types@*" "*@*"not embedded, trying external file
2023/11/08 21:17:39 ZEBRA: [HG1WF-2N96F] YANG model "ietf-yang-types@*" "*@*"not embedded, trying external file
2023/11/08 21:17:39 ZEBRA: [HG1WF-2N96F] YANG model "ietf-inet-types@*" "*@*"not embedded, trying external file
2023/11/08 21:17:39 ZEBRA: [HG1WF-2N96F] YANG model "ietf-inet-types@*" "*@*"not embedded, trying external file
2023/11/08 21:17:39 ZEBRA: [HG1WF-2N96F] YANG model "ietf-yang-types@*" "*@*"not embedded, trying external file
2023/11/08 21:17:39 ZEBRA: [HG1WF-2N96F] YANG model "ietf-inet-types@*" "*@*"not embedded, trying external file
2023/11/08 21:17:39 ZEBRA: [VMBPM-Q87BB] Setting netlink socket receive buffer size: 212992 -> 8388608
2023/11/08 21:17:39 ZEBRA: [VMBPM-Q87BB] Setting netlink socket receive buffer size: 212992 -> 8388608
2023/11/08 21:17:39 ZEBRA: [VMBPM-Q87BB] Setting netlink socket receive buffer size: 212992 -> 8388608
2023/11/08 21:17:39 ZEBRA: [VMBPM-Q87BB] Setting netlink socket receive buffer size: 212992 -> 8388608
2023/11/08 21:17:39 ZEBRA: [NNACN-54BDA][EC 4043309110] Disabling MPLS support (no kernel support)
2023/11/08 21:17:39 ZEBRA: [T83RR-8SM5G] zebra 8.1 starting: vty@2601
2023/11/08 21:17:39 ZEBRA: [SHWNK-NWT5S][EC 100663304] No such command on config line 2: router bgp 400
2023/11/08 21:17:39 ZEBRA: [SHWNK-NWT5S][EC 100663304] No such command on config line 3:   bgp router-id 100.100.4.1
2023/11/08 21:17:39 ZEBRA: [SHWNK-NWT5S][EC 100663304] No such command on config line 4:   no bgp ebgp-requires-policy
2023/11/08 21:17:39 ZEBRA: [SHWNK-NWT5S][EC 100663304] No such command on config line 7:   neighbor 172.17.3.0 remote-as 100
2023/11/08 21:17:39 ZEBRA: [SHWNK-NWT5S][EC 100663304] No such command on config line 8:   neighbor 172.17.3.0 next-hop-self
2023/11/08 21:17:39 ZEBRA: [SHWNK-NWT5S][EC 100663304] No such command on config line 11:   neighbor 172.17.4.0 remote-as 100
2023/11/08 21:17:39 ZEBRA: [SHWNK-NWT5S][EC 100663304] No such command on config line 12:   neighbor 172.17.4.0 next-hop-self
2023/11/08 21:17:39 ZEBRA: [SHWNK-NWT5S][EC 100663304] No such command on config line 14:   address-family ipv4 unicast
2023/11/08 21:17:39 ZEBRA: [SHWNK-NWT5S][EC 100663304] No such command on config line 15:     network 10.4.1.0/25
2023/11/08 21:17:39 ZEBRA: [SHWNK-NWT5S][EC 100663304] No such command on config line 16:     network 10.4.1.128/25
2023/11/08 21:17:39 ZEBRA: [SHWNK-NWT5S][EC 100663304] No such command on config line 17:     network 172.17.3.0/31
2023/11/08 21:17:39 ZEBRA: [SHWNK-NWT5S][EC 100663304] No such command on config line 18:     network 172.17.4.0/31
2023/11/08 21:17:39 ZEBRA: [SHWNK-NWT5S][EC 100663304] No such command on config line 19:   exit-address-family
2023/11/08 21:17:39 ZEBRA: [V98V0-MTWPF] client 28 says hello and bids fair to announce only rip routes vrf=0
2023/11/08 21:17:39 ZEBRA: [V98V0-MTWPF] client 36 says hello and bids fair to announce only vnc routes vrf=0
2023/11/08 21:17:39 ZEBRA: [V98V0-MTWPF] client 33 says hello and bids fair to announce only bgp routes vrf=0
2023/11/08 21:19:30 ZEBRA: [HG1WF-2N96F] YANG model "ietf-inet-types@*" "*@*"not embedded, trying external file
2023/11/08 21:19:30 ZEBRA: [HG1WF-2N96F] YANG model "ietf-yang-types@*" "*@*"not embedded, trying external file
2023/11/08 21:19:30 ZEBRA: [HG1WF-2N96F] YANG model "ietf-yang-types@*" "*@*"not embedded, trying external file
2023/11/08 21:19:30 ZEBRA: [HG1WF-2N96F] YANG model "ietf-yang-types@*" "*@*"not embedded, trying external file
2023/11/08 21:19:30 ZEBRA: [HG1WF-2N96F] YANG model "ietf-inet-types@*" "*@*"not embedded, trying external file
2023/11/08 21:19:30 ZEBRA: [HG1WF-2N96F] YANG model "ietf-yang-types@*" "*@*"not embedded, trying external file
2023/11/08 21:19:30 ZEBRA: [HG1WF-2N96F] YANG model "ietf-inet-types@*" "*@*"not embedded, trying external file
2023/11/08 21:19:30 ZEBRA: [HG1WF-2N96F] YANG model "ietf-inet-types@*" "*@*"not embedded, trying external file
2023/11/08 21:19:30 ZEBRA: [HG1WF-2N96F] YANG model "ietf-yang-types@*" "*@*"not embedded, trying external file
2023/11/08 21:19:30 ZEBRA: [HG1WF-2N96F] YANG model "ietf-inet-types@*" "*@*"not embedded, trying external file
2023/11/08 21:19:30 ZEBRA: [HG1WF-2N96F] YANG model "ietf-inet-types@*" "*@*"not embedded, trying external file
2023/11/08 21:19:30 ZEBRA: [HG1WF-2N96F] YANG model "ietf-yang-types@*" "*@*"not embedded, trying external file
2023/11/08 21:19:30 ZEBRA: [HG1WF-2N96F] YANG model "ietf-inet-types@*" "*@*"not embedded, trying external file
2023/11/08 21:19:30 ZEBRA: [VMBPM-Q87BB] Setting netlink socket receive buffer size: 212992 -> 8388608
2023/11/08 21:19:30 ZEBRA: [VMBPM-Q87BB] Setting netlink socket receive buffer size: 212992 -> 8388608
2023/11/08 21:19:30 ZEBRA: [VMBPM-Q87BB] Setting netlink socket receive buffer size: 212992 -> 8388608
2023/11/08 21:19:30 ZEBRA: [VMBPM-Q87BB] Setting netlink socket receive buffer size: 212992 -> 8388608
2023/11/08 21:19:30 ZEBRA: [NNACN-54BDA][EC 4043309110] Disabling MPLS support (no kernel support)
2023/11/08 21:19:30 ZEBRA: [T83RR-8SM5G] zebra 8.1 starting: vty@2601
2023/11/08 21:19:30 ZEBRA: [SHWNK-NWT5S][EC 100663304] No such command on config line 2: router bgp 400
2023/11/08 21:19:30 ZEBRA: [SHWNK-NWT5S][EC 100663304] No such command on config line 3:   bgp router-id 100.100.4.1
2023/11/08 21:19:30 ZEBRA: [SHWNK-NWT5S][EC 100663304] No such command on config line 4:   no bgp ebgp-requires-policy
2023/11/08 21:19:30 ZEBRA: [SHWNK-NWT5S][EC 100663304] No such command on config line 7:   neighbor 172.17.3.0 remote-as 100
2023/11/08 21:19:30 ZEBRA: [SHWNK-NWT5S][EC 100663304] No such command on config line 8:   neighbor 172.17.3.0 next-hop-self
2023/11/08 21:19:30 ZEBRA: [SHWNK-NWT5S][EC 100663304] No such command on config line 11:   neighbor 172.17.4.0 remote-as 100
2023/11/08 21:19:30 ZEBRA: [SHWNK-NWT5S][EC 100663304] No such command on config line 12:   neighbor 172.17.4.0 next-hop-self
2023/11/08 21:19:30 ZEBRA: [SHWNK-NWT5S][EC 100663304] No such command on config line 14:   address-family ipv4 unicast
2023/11/08 21:19:30 ZEBRA: [SHWNK-NWT5S][EC 100663304] No such command on config line 15:     network 10.4.1.0/25
2023/11/08 21:19:30 ZEBRA: [SHWNK-NWT5S][EC 100663304] No such command on config line 16:     network 10.4.1.128/25
2023/11/08 21:19:30 ZEBRA: [SHWNK-NWT5S][EC 100663304] No such command on config line 17:     network 172.17.3.0/31
2023/11/08 21:19:30 ZEBRA: [SHWNK-NWT5S][EC 100663304] No such command on config line 18:     network 172.17.4.0/31
2023/11/08 21:19:30 ZEBRA: [SHWNK-NWT5S][EC 100663304] No such command on config line 19:   exit-address-family
2023/11/08 21:19:30 ZEBRA: [V98V0-MTWPF] client 16 says hello and bids fair to announce only rip routes vrf=0
2023/11/08 21:19:30 ZEBRA: [V98V0-MTWPF] client 33 says hello and bids fair to announce only bgp routes vrf=0
2023/11/08 21:19:30 ZEBRA: [V98V0-MTWPF] client 36 says hello and bids fair to announce only vnc routes vrf=0
2023/11/08 21:21:26 ZEBRA: [HG1WF-2N96F] YANG model "ietf-inet-types@*" "*@*"not embedded, trying external file
2023/11/08 21:21:26 ZEBRA: [HG1WF-2N96F] YANG model "ietf-yang-types@*" "*@*"not embedded, trying external file
2023/11/08 21:21:26 ZEBRA: [HG1WF-2N96F] YANG model "ietf-yang-types@*" "*@*"not embedded, trying external file
2023/11/08 21:21:26 ZEBRA: [HG1WF-2N96F] YANG model "ietf-yang-types@*" "*@*"not embedded, trying external file
2023/11/08 21:21:26 ZEBRA: [HG1WF-2N96F] YANG model "ietf-inet-types@*" "*@*"not embedded, trying external file
2023/11/08 21:21:26 ZEBRA: [HG1WF-2N96F] YANG model "ietf-yang-types@*" "*@*"not embedded, trying external file
2023/11/08 21:21:26 ZEBRA: [HG1WF-2N96F] YANG model "ietf-inet-types@*" "*@*"not embedded, trying external file
2023/11/08 21:21:26 ZEBRA: [HG1WF-2N96F] YANG model "ietf-inet-types@*" "*@*"not embedded, trying external file
2023/11/08 21:21:26 ZEBRA: [HG1WF-2N96F] YANG model "ietf-yang-types@*" "*@*"not embedded, trying external file
2023/11/08 21:21:26 ZEBRA: [HG1WF-2N96F] YANG model "ietf-inet-types@*" "*@*"not embedded, trying external file
2023/11/08 21:21:26 ZEBRA: [HG1WF-2N96F] YANG model "ietf-inet-types@*" "*@*"not embedded, trying external file
2023/11/08 21:21:26 ZEBRA: [HG1WF-2N96F] YANG model "ietf-yang-types@*" "*@*"not embedded, trying external file
2023/11/08 21:21:26 ZEBRA: [HG1WF-2N96F] YANG model "ietf-inet-types@*" "*@*"not embedded, trying external file
2023/11/08 21:21:26 ZEBRA: [VMBPM-Q87BB] Setting netlink socket receive buffer size: 212992 -> 8388608
2023/11/08 21:21:26 ZEBRA: [VMBPM-Q87BB] Setting netlink socket receive buffer size: 212992 -> 8388608
2023/11/08 21:21:26 ZEBRA: [VMBPM-Q87BB] Setting netlink socket receive buffer size: 212992 -> 8388608
2023/11/08 21:21:26 ZEBRA: [VMBPM-Q87BB] Setting netlink socket receive buffer size: 212992 -> 8388608
2023/11/08 21:21:26 ZEBRA: [NNACN-54BDA][EC 4043309110] Disabling MPLS support (no kernel support)
2023/11/08 21:21:26 ZEBRA: [T83RR-8SM5G] zebra 8.1 starting: vty@2601
2023/11/08 21:21:26 ZEBRA: [SHWNK-NWT5S][EC 100663304] No such command on config line 2: router bgp 400
2023/11/08 21:21:26 ZEBRA: [SHWNK-NWT5S][EC 100663304] No such command on config line 3:   bgp router-id 100.100.4.1
2023/11/08 21:21:26 ZEBRA: [SHWNK-NWT5S][EC 100663304] No such command on config line 4:   no bgp ebgp-requires-policy
2023/11/08 21:21:26 ZEBRA: [SHWNK-NWT5S][EC 100663304] No such command on config line 7:   neighbor 172.17.3.0 remote-as 100
2023/11/08 21:21:26 ZEBRA: [SHWNK-NWT5S][EC 100663304] No such command on config line 8:   neighbor 172.17.3.0 next-hop-self
2023/11/08 21:21:26 ZEBRA: [SHWNK-NWT5S][EC 100663304] No such command on config line 11:   neighbor 172.17.4.0 remote-as 100
2023/11/08 21:21:26 ZEBRA: [SHWNK-NWT5S][EC 100663304] No such command on config line 12:   neighbor 172.17.4.0 next-hop-self
2023/11/08 21:21:26 ZEBRA: [SHWNK-NWT5S][EC 100663304] No such command on config line 14:   address-family ipv4 unicast
2023/11/08 21:21:26 ZEBRA: [SHWNK-NWT5S][EC 100663304] No such command on config line 15:     network 10.4.1.0/25
2023/11/08 21:21:26 ZEBRA: [SHWNK-NWT5S][EC 100663304] No such command on config line 16:     network 10.4.1.128/25
2023/11/08 21:21:26 ZEBRA: [SHWNK-NWT5S][EC 100663304] No such command on config line 17:     network 172.17.3.0/31
2023/11/08 21:21:26 ZEBRA: [SHWNK-NWT5S][EC 100663304] No such command on config line 18:     network 172.17.4.0/31
2023/11/08 21:21:26 ZEBRA: [SHWNK-NWT5S][EC 100663304] No such command on config line 19:   exit-address-family
2023/11/08 21:21:26 ZEBRA: [V98V0-MTWPF] client 16 says hello and bids fair to announce only rip routes vrf=0
2023/11/08 21:21:26 ZEBRA: [V98V0-MTWPF] client 33 says hello and bids fair to announce only bgp routes vrf=0
2023/11/08 21:21:26 ZEBRA: [V98V0-MTWPF] client 36 says hello and bids fair to announce only vnc routes vrf=0
2023/11/08 21:27:15 ZEBRA: [HG1WF-2N96F] YANG model "ietf-inet-types@*" "*@*"not embedded, trying external file
2023/11/08 21:27:15 ZEBRA: [HG1WF-2N96F] YANG model "ietf-yang-types@*" "*@*"not embedded, trying external file
2023/11/08 21:27:15 ZEBRA: [HG1WF-2N96F] YANG model "ietf-yang-types@*" "*@*"not embedded, trying external file
2023/11/08 21:27:15 ZEBRA: [HG1WF-2N96F] YANG model "ietf-yang-types@*" "*@*"not embedded, trying external file
2023/11/08 21:27:15 ZEBRA: [HG1WF-2N96F] YANG model "ietf-inet-types@*" "*@*"not embedded, trying external file
2023/11/08 21:27:15 ZEBRA: [HG1WF-2N96F] YANG model "ietf-yang-types@*" "*@*"not embedded, trying external file
2023/11/08 21:27:15 ZEBRA: [HG1WF-2N96F] YANG model "ietf-inet-types@*" "*@*"not embedded, trying external file
2023/11/08 21:27:15 ZEBRA: [HG1WF-2N96F] YANG model "ietf-inet-types@*" "*@*"not embedded, trying external file
2023/11/08 21:27:15 ZEBRA: [HG1WF-2N96F] YANG model "ietf-yang-types@*" "*@*"not embedded, trying external file
2023/11/08 21:27:15 ZEBRA: [HG1WF-2N96F] YANG model "ietf-inet-types@*" "*@*"not embedded, trying external file
2023/11/08 21:27:15 ZEBRA: [HG1WF-2N96F] YANG model "ietf-inet-types@*" "*@*"not embedded, trying external file
2023/11/08 21:27:15 ZEBRA: [HG1WF-2N96F] YANG model "ietf-yang-types@*" "*@*"not embedded, trying external file
2023/11/08 21:27:15 ZEBRA: [HG1WF-2N96F] YANG model "ietf-inet-types@*" "*@*"not embedded, trying external file
2023/11/08 21:27:15 ZEBRA: [VMBPM-Q87BB] Setting netlink socket receive buffer size: 212992 -> 8388608
2023/11/08 21:27:15 ZEBRA: [VMBPM-Q87BB] Setting netlink socket receive buffer size: 212992 -> 8388608
2023/11/08 21:27:15 ZEBRA: [VMBPM-Q87BB] Setting netlink socket receive buffer size: 212992 -> 8388608
2023/11/08 21:27:15 ZEBRA: [VMBPM-Q87BB] Setting netlink socket receive buffer size: 212992 -> 8388608
2023/11/08 21:27:15 ZEBRA: [NNACN-54BDA][EC 4043309110] Disabling MPLS support (no kernel support)
2023/11/08 21:27:15 ZEBRA: [T83RR-8SM5G] zebra 8.1 starting: vty@2601
2023/11/08 21:27:15 ZEBRA: [SHWNK-NWT5S][EC 100663304] No such command on config line 2: router bgp 400
2023/11/08 21:27:15 ZEBRA: [SHWNK-NWT5S][EC 100663304] No such command on config line 3:   bgp router-id 100.100.4.1
2023/11/08 21:27:15 ZEBRA: [SHWNK-NWT5S][EC 100663304] No such command on config line 4:   no bgp ebgp-requires-policy
2023/11/08 21:27:15 ZEBRA: [SHWNK-NWT5S][EC 100663304] No such command on config line 7:   neighbor 172.17.3.0 remote-as 100
2023/11/08 21:27:15 ZEBRA: [SHWNK-NWT5S][EC 100663304] No such command on config line 8:   neighbor 172.17.3.0 next-hop-self
2023/11/08 21:27:15 ZEBRA: [SHWNK-NWT5S][EC 100663304] No such command on config line 11:   neighbor 172.17.4.0 remote-as 100
2023/11/08 21:27:15 ZEBRA: [SHWNK-NWT5S][EC 100663304] No such command on config line 12:   neighbor 172.17.4.0 next-hop-self
2023/11/08 21:27:15 ZEBRA: [SHWNK-NWT5S][EC 100663304] No such command on config line 14:   address-family ipv4 unicast
2023/11/08 21:27:15 ZEBRA: [SHWNK-NWT5S][EC 100663304] No such command on config line 15:     network 10.4.1.0/25
2023/11/08 21:27:15 ZEBRA: [SHWNK-NWT5S][EC 100663304] No such command on config line 16:     network 10.4.1.128/25
2023/11/08 21:27:15 ZEBRA: [SHWNK-NWT5S][EC 100663304] No such command on config line 17:     network 172.17.3.0/31
2023/11/08 21:27:15 ZEBRA: [SHWNK-NWT5S][EC 100663304] No such command on config line 18:     network 172.17.4.0/31
2023/11/08 21:27:15 ZEBRA: [SHWNK-NWT5S][EC 100663304] No such command on config line 19:   exit-address-family
2023/11/08 21:27:15 ZEBRA: [V98V0-MTWPF] client 16 says hello and bids fair to announce only rip routes vrf=0
2023/11/08 21:27:16 ZEBRA: [V98V0-MTWPF] client 33 says hello and bids fair to announce only bgp routes vrf=0
2023/11/08 21:27:16 ZEBRA: [V98V0-MTWPF] client 36 says hello and bids fair to announce only vnc routes vrf=0
