2023/11/08 15:47:26 BGP: [HG1WF-2N96F] YANG model "ietf-inet-types@*" "*@*"not embedded, trying external file
2023/11/08 15:47:26 BGP: [HG1WF-2N96F] YANG model "ietf-yang-types@*" "*@*"not embedded, trying external file
2023/11/08 15:47:26 BGP: [HG1WF-2N96F] YANG model "ietf-yang-types@*" "*@*"not embedded, trying external file
2023/11/08 15:47:26 BGP: [HG1WF-2N96F] YANG model "ietf-yang-types@*" "*@*"not embedded, trying external file
2023/11/08 15:47:26 BGP: [HG1WF-2N96F] YANG model "ietf-inet-types@*" "*@*"not embedded, trying external file
2023/11/08 15:47:26 BGP: [HG1WF-2N96F] YANG model "ietf-inet-types@*" "*@*"not embedded, trying external file
2023/11/08 15:47:26 BGP: [HG1WF-2N96F] YANG model "ietf-yang-types@*" "*@*"not embedded, trying external file
2023/11/08 15:47:26 BGP: [HG1WF-2N96F] YANG model "ietf-inet-types@*" "*@*"not embedded, trying external file
2023/11/08 15:47:26 BGP: [T83RR-8SM5G] bgpd 8.1 starting: vty@2605, bgp@<all>:179
2023/11/08 15:47:26 BGP: [RS5M6-AEER6][EC 100663317] vty_read_config: failed to open configuration file /etc/frr/frr.conf: No such file or directory, checking backup
2023/11/08 15:47:26 BGP: [VDWX6-W8CNF][EC 100663304] vty_read_config: can't open configuration file [/etc/frr/frr.conf]
2023/11/08 15:49:50 BGP: [VCGF0-X62M1][EC 100663301] INTERFACE_STATE: Cannot find IF r310-eth1 in VRF 0
2023/11/08 15:49:50 BGP: [VCGF0-X62M1][EC 100663301] INTERFACE_STATE: Cannot find IF r310-eth0 in VRF 0
2023/11/08 15:49:59 BGP: [HG1WF-2N96F] YANG model "ietf-inet-types@*" "*@*"not embedded, trying external file
2023/11/08 15:49:59 BGP: [HG1WF-2N96F] YANG model "ietf-yang-types@*" "*@*"not embedded, trying external file
2023/11/08 15:49:59 BGP: [HG1WF-2N96F] YANG model "ietf-yang-types@*" "*@*"not embedded, trying external file
2023/11/08 15:49:59 BGP: [HG1WF-2N96F] YANG model "ietf-yang-types@*" "*@*"not embedded, trying external file
2023/11/08 15:49:59 BGP: [HG1WF-2N96F] YANG model "ietf-inet-types@*" "*@*"not embedded, trying external file
2023/11/08 15:49:59 BGP: [HG1WF-2N96F] YANG model "ietf-inet-types@*" "*@*"not embedded, trying external file
2023/11/08 15:49:59 BGP: [HG1WF-2N96F] YANG model "ietf-yang-types@*" "*@*"not embedded, trying external file
2023/11/08 15:49:59 BGP: [HG1WF-2N96F] YANG model "ietf-inet-types@*" "*@*"not embedded, trying external file
2023/11/08 15:50:00 BGP: [T83RR-8SM5G] bgpd 8.1 starting: vty@2605, bgp@<all>:179
2023/11/08 15:50:00 BGP: [RS5M6-AEER6][EC 100663317] vty_read_config: failed to open configuration file /etc/frr/frr.conf: No such file or directory, checking backup
2023/11/08 15:50:00 BGP: [VDWX6-W8CNF][EC 100663304] vty_read_config: can't open configuration file [/etc/frr/frr.conf]
2023/11/08 15:50:24 BGP: [VCGF0-X62M1][EC 100663301] INTERFACE_STATE: Cannot find IF r310-eth0 in VRF 0
2023/11/08 16:34:26 BGP: [HG1WF-2N96F] YANG model "ietf-inet-types@*" "*@*"not embedded, trying external file
2023/11/08 16:34:26 BGP: [HG1WF-2N96F] YANG model "ietf-yang-types@*" "*@*"not embedded, trying external file
2023/11/08 16:34:26 BGP: [HG1WF-2N96F] YANG model "ietf-yang-types@*" "*@*"not embedded, trying external file
2023/11/08 16:34:26 BGP: [HG1WF-2N96F] YANG model "ietf-yang-types@*" "*@*"not embedded, trying external file
2023/11/08 16:34:26 BGP: [HG1WF-2N96F] YANG model "ietf-inet-types@*" "*@*"not embedded, trying external file
2023/11/08 16:34:26 BGP: [HG1WF-2N96F] YANG model "ietf-inet-types@*" "*@*"not embedded, trying external file
2023/11/08 16:34:26 BGP: [HG1WF-2N96F] YANG model "ietf-yang-types@*" "*@*"not embedded, trying external file
2023/11/08 16:34:26 BGP: [HG1WF-2N96F] YANG model "ietf-inet-types@*" "*@*"not embedded, trying external file
2023/11/08 16:34:27 BGP: [T83RR-8SM5G] bgpd 8.1 starting: vty@2605, bgp@<all>:179
2023/11/08 16:34:27 BGP: [SHWNK-NWT5S][EC 100663304] No such command on config line 2: router rip
2023/11/08 16:34:27 BGP: [SHWNK-NWT5S][EC 100663304] No such command on config line 3:   network 100.100.1.2/32
2023/11/08 16:34:27 BGP: [SHWNK-NWT5S][EC 100663304] No such command on config line 4:   network 192.168.1.1/31
2023/11/08 16:34:27 BGP: [SHWNK-NWT5S][EC 100663304] No such command on config line 5:   network 192.168.1.2/31
2023/11/08 16:35:22 BGP: [VCGF0-X62M1][EC 100663301] INTERFACE_STATE: Cannot find IF r310-eth1 in VRF 0
2023/11/08 16:35:23 BGP: [VCGF0-X62M1][EC 100663301] INTERFACE_STATE: Cannot find IF r310-eth0 in VRF 0
2023/11/08 16:35:35 BGP: [HG1WF-2N96F] YANG model "ietf-inet-types@*" "*@*"not embedded, trying external file
2023/11/08 16:35:35 BGP: [HG1WF-2N96F] YANG model "ietf-yang-types@*" "*@*"not embedded, trying external file
2023/11/08 16:35:35 BGP: [HG1WF-2N96F] YANG model "ietf-yang-types@*" "*@*"not embedded, trying external file
2023/11/08 16:35:35 BGP: [HG1WF-2N96F] YANG model "ietf-yang-types@*" "*@*"not embedded, trying external file
2023/11/08 16:35:35 BGP: [HG1WF-2N96F] YANG model "ietf-inet-types@*" "*@*"not embedded, trying external file
2023/11/08 16:35:35 BGP: [HG1WF-2N96F] YANG model "ietf-inet-types@*" "*@*"not embedded, trying external file
2023/11/08 16:35:35 BGP: [HG1WF-2N96F] YANG model "ietf-yang-types@*" "*@*"not embedded, trying external file
2023/11/08 16:35:35 BGP: [HG1WF-2N96F] YANG model "ietf-inet-types@*" "*@*"not embedded, trying external file
2023/11/08 16:35:36 BGP: [T83RR-8SM5G] bgpd 8.1 starting: vty@2605, bgp@<all>:179
2023/11/08 16:35:36 BGP: [SHWNK-NWT5S][EC 100663304] No such command on config line 2: router rip
2023/11/08 16:35:36 BGP: [SHWNK-NWT5S][EC 100663304] No such command on config line 3:   network 100.100.1.2/32
2023/11/08 16:35:36 BGP: [SHWNK-NWT5S][EC 100663304] No such command on config line 4:   network 192.168.1.1/31
2023/11/08 16:35:36 BGP: [SHWNK-NWT5S][EC 100663304] No such command on config line 5:   network 192.168.1.2/31
2023/11/08 16:36:03 BGP: [VCGF0-X62M1][EC 100663301] INTERFACE_STATE: Cannot find IF r310-eth0 in VRF 0
2023/11/08 16:36:09 BGP: [HG1WF-2N96F] YANG model "ietf-inet-types@*" "*@*"not embedded, trying external file
2023/11/08 16:36:09 BGP: [HG1WF-2N96F] YANG model "ietf-yang-types@*" "*@*"not embedded, trying external file
2023/11/08 16:36:09 BGP: [HG1WF-2N96F] YANG model "ietf-yang-types@*" "*@*"not embedded, trying external file
2023/11/08 16:36:09 BGP: [HG1WF-2N96F] YANG model "ietf-yang-types@*" "*@*"not embedded, trying external file
2023/11/08 16:36:09 BGP: [HG1WF-2N96F] YANG model "ietf-inet-types@*" "*@*"not embedded, trying external file
2023/11/08 16:36:09 BGP: [HG1WF-2N96F] YANG model "ietf-inet-types@*" "*@*"not embedded, trying external file
2023/11/08 16:36:09 BGP: [HG1WF-2N96F] YANG model "ietf-yang-types@*" "*@*"not embedded, trying external file
2023/11/08 16:36:09 BGP: [HG1WF-2N96F] YANG model "ietf-inet-types@*" "*@*"not embedded, trying external file
2023/11/08 16:36:09 BGP: [T83RR-8SM5G] bgpd 8.1 starting: vty@2605, bgp@<all>:179
2023/11/08 16:36:09 BGP: [SHWNK-NWT5S][EC 100663304] No such command on config line 2: router rip
2023/11/08 16:36:09 BGP: [SHWNK-NWT5S][EC 100663304] No such command on config line 3:   network 100.100.1.2/32
2023/11/08 16:36:09 BGP: [SHWNK-NWT5S][EC 100663304] No such command on config line 4:   network 192.168.1.1/31
2023/11/08 16:36:09 BGP: [SHWNK-NWT5S][EC 100663304] No such command on config line 5:   network 192.168.1.2/31
2023/11/08 16:36:38 BGP: [VCGF0-X62M1][EC 100663301] INTERFACE_STATE: Cannot find IF r310-eth0 in VRF 0
2023/11/08 16:39:20 BGP: [HG1WF-2N96F] YANG model "ietf-inet-types@*" "*@*"not embedded, trying external file
2023/11/08 16:39:20 BGP: [HG1WF-2N96F] YANG model "ietf-yang-types@*" "*@*"not embedded, trying external file
2023/11/08 16:39:20 BGP: [HG1WF-2N96F] YANG model "ietf-yang-types@*" "*@*"not embedded, trying external file
2023/11/08 16:39:20 BGP: [HG1WF-2N96F] YANG model "ietf-yang-types@*" "*@*"not embedded, trying external file
2023/11/08 16:39:20 BGP: [HG1WF-2N96F] YANG model "ietf-inet-types@*" "*@*"not embedded, trying external file
2023/11/08 16:39:20 BGP: [HG1WF-2N96F] YANG model "ietf-inet-types@*" "*@*"not embedded, trying external file
2023/11/08 16:39:20 BGP: [HG1WF-2N96F] YANG model "ietf-yang-types@*" "*@*"not embedded, trying external file
2023/11/08 16:39:20 BGP: [HG1WF-2N96F] YANG model "ietf-inet-types@*" "*@*"not embedded, trying external file
2023/11/08 16:39:21 BGP: [T83RR-8SM5G] bgpd 8.1 starting: vty@2605, bgp@<all>:179
2023/11/08 16:39:22 BGP: [VCGF0-X62M1][EC 100663301] INTERFACE_STATE: Cannot find IF r310-eth0 in VRF 0
2023/11/08 16:39:29 BGP: [HG1WF-2N96F] YANG model "ietf-inet-types@*" "*@*"not embedded, trying external file
2023/11/08 16:39:29 BGP: [HG1WF-2N96F] YANG model "ietf-yang-types@*" "*@*"not embedded, trying external file
2023/11/08 16:39:29 BGP: [HG1WF-2N96F] YANG model "ietf-yang-types@*" "*@*"not embedded, trying external file
2023/11/08 16:39:29 BGP: [HG1WF-2N96F] YANG model "ietf-yang-types@*" "*@*"not embedded, trying external file
2023/11/08 16:39:29 BGP: [HG1WF-2N96F] YANG model "ietf-inet-types@*" "*@*"not embedded, trying external file
2023/11/08 16:39:29 BGP: [HG1WF-2N96F] YANG model "ietf-inet-types@*" "*@*"not embedded, trying external file
2023/11/08 16:39:29 BGP: [HG1WF-2N96F] YANG model "ietf-yang-types@*" "*@*"not embedded, trying external file
2023/11/08 16:39:29 BGP: [HG1WF-2N96F] YANG model "ietf-inet-types@*" "*@*"not embedded, trying external file
2023/11/08 16:39:29 BGP: [T83RR-8SM5G] bgpd 8.1 starting: vty@2605, bgp@<all>:179
2023/11/08 16:40:00 BGP: [VCGF0-X62M1][EC 100663301] INTERFACE_STATE: Cannot find IF r310-eth0 in VRF 0
2023/11/08 16:42:36 BGP: [HG1WF-2N96F] YANG model "ietf-inet-types@*" "*@*"not embedded, trying external file
2023/11/08 16:42:36 BGP: [HG1WF-2N96F] YANG model "ietf-yang-types@*" "*@*"not embedded, trying external file
2023/11/08 16:42:36 BGP: [HG1WF-2N96F] YANG model "ietf-yang-types@*" "*@*"not embedded, trying external file
2023/11/08 16:42:36 BGP: [HG1WF-2N96F] YANG model "ietf-yang-types@*" "*@*"not embedded, trying external file
2023/11/08 16:42:36 BGP: [HG1WF-2N96F] YANG model "ietf-inet-types@*" "*@*"not embedded, trying external file
2023/11/08 16:42:36 BGP: [HG1WF-2N96F] YANG model "ietf-inet-types@*" "*@*"not embedded, trying external file
2023/11/08 16:42:36 BGP: [HG1WF-2N96F] YANG model "ietf-yang-types@*" "*@*"not embedded, trying external file
2023/11/08 16:42:36 BGP: [HG1WF-2N96F] YANG model "ietf-inet-types@*" "*@*"not embedded, trying external file
2023/11/08 16:42:36 BGP: [T83RR-8SM5G] bgpd 8.1 starting: vty@2605, bgp@<all>:179
2023/11/08 16:43:24 BGP: [VCGF0-X62M1][EC 100663301] INTERFACE_STATE: Cannot find IF r310-eth0 in VRF 0
2023/11/08 16:56:48 BGP: [HG1WF-2N96F] YANG model "ietf-inet-types@*" "*@*"not embedded, trying external file
2023/11/08 16:56:48 BGP: [HG1WF-2N96F] YANG model "ietf-yang-types@*" "*@*"not embedded, trying external file
2023/11/08 16:56:48 BGP: [HG1WF-2N96F] YANG model "ietf-yang-types@*" "*@*"not embedded, trying external file
2023/11/08 16:56:48 BGP: [HG1WF-2N96F] YANG model "ietf-yang-types@*" "*@*"not embedded, trying external file
2023/11/08 16:56:48 BGP: [HG1WF-2N96F] YANG model "ietf-inet-types@*" "*@*"not embedded, trying external file
2023/11/08 16:56:48 BGP: [HG1WF-2N96F] YANG model "ietf-inet-types@*" "*@*"not embedded, trying external file
2023/11/08 16:56:48 BGP: [HG1WF-2N96F] YANG model "ietf-yang-types@*" "*@*"not embedded, trying external file
2023/11/08 16:56:48 BGP: [HG1WF-2N96F] YANG model "ietf-inet-types@*" "*@*"not embedded, trying external file
2023/11/08 16:56:48 BGP: [T83RR-8SM5G] bgpd 8.1 starting: vty@2605, bgp@<all>:179
2023/11/08 16:57:21 BGP: [VCGF0-X62M1][EC 100663301] INTERFACE_STATE: Cannot find IF r310-eth0 in VRF 0
2023/11/08 17:01:50 BGP: [HG1WF-2N96F] YANG model "ietf-inet-types@*" "*@*"not embedded, trying external file
2023/11/08 17:01:50 BGP: [HG1WF-2N96F] YANG model "ietf-yang-types@*" "*@*"not embedded, trying external file
2023/11/08 17:01:50 BGP: [HG1WF-2N96F] YANG model "ietf-yang-types@*" "*@*"not embedded, trying external file
2023/11/08 17:01:50 BGP: [HG1WF-2N96F] YANG model "ietf-yang-types@*" "*@*"not embedded, trying external file
2023/11/08 17:01:50 BGP: [HG1WF-2N96F] YANG model "ietf-inet-types@*" "*@*"not embedded, trying external file
2023/11/08 17:01:50 BGP: [HG1WF-2N96F] YANG model "ietf-inet-types@*" "*@*"not embedded, trying external file
2023/11/08 17:01:50 BGP: [HG1WF-2N96F] YANG model "ietf-yang-types@*" "*@*"not embedded, trying external file
2023/11/08 17:01:50 BGP: [HG1WF-2N96F] YANG model "ietf-inet-types@*" "*@*"not embedded, trying external file
2023/11/08 17:01:50 BGP: [T83RR-8SM5G] bgpd 8.1 starting: vty@2605, bgp@<all>:179
2023/11/08 17:02:36 BGP: [VCGF0-X62M1][EC 100663301] INTERFACE_STATE: Cannot find IF r310-eth0 in VRF 0
2023/11/08 17:13:56 BGP: [HG1WF-2N96F] YANG model "ietf-inet-types@*" "*@*"not embedded, trying external file
2023/11/08 17:13:56 BGP: [HG1WF-2N96F] YANG model "ietf-yang-types@*" "*@*"not embedded, trying external file
2023/11/08 17:13:56 BGP: [HG1WF-2N96F] YANG model "ietf-yang-types@*" "*@*"not embedded, trying external file
2023/11/08 17:13:56 BGP: [HG1WF-2N96F] YANG model "ietf-yang-types@*" "*@*"not embedded, trying external file
2023/11/08 17:13:56 BGP: [HG1WF-2N96F] YANG model "ietf-inet-types@*" "*@*"not embedded, trying external file
2023/11/08 17:13:56 BGP: [HG1WF-2N96F] YANG model "ietf-inet-types@*" "*@*"not embedded, trying external file
2023/11/08 17:13:56 BGP: [HG1WF-2N96F] YANG model "ietf-yang-types@*" "*@*"not embedded, trying external file
2023/11/08 17:13:56 BGP: [HG1WF-2N96F] YANG model "ietf-inet-types@*" "*@*"not embedded, trying external file
2023/11/08 17:13:56 BGP: [T83RR-8SM5G] bgpd 8.1 starting: vty@2605, bgp@<all>:179
2023/11/08 17:14:42 BGP: [VCGF0-X62M1][EC 100663301] INTERFACE_STATE: Cannot find IF r310-eth0 in VRF 0
2023/11/08 17:15:48 BGP: [HG1WF-2N96F] YANG model "ietf-inet-types@*" "*@*"not embedded, trying external file
2023/11/08 17:15:48 BGP: [HG1WF-2N96F] YANG model "ietf-yang-types@*" "*@*"not embedded, trying external file
2023/11/08 17:15:48 BGP: [HG1WF-2N96F] YANG model "ietf-yang-types@*" "*@*"not embedded, trying external file
2023/11/08 17:15:48 BGP: [HG1WF-2N96F] YANG model "ietf-yang-types@*" "*@*"not embedded, trying external file
2023/11/08 17:15:48 BGP: [HG1WF-2N96F] YANG model "ietf-inet-types@*" "*@*"not embedded, trying external file
2023/11/08 17:15:48 BGP: [HG1WF-2N96F] YANG model "ietf-inet-types@*" "*@*"not embedded, trying external file
2023/11/08 17:15:48 BGP: [HG1WF-2N96F] YANG model "ietf-yang-types@*" "*@*"not embedded, trying external file
2023/11/08 17:15:48 BGP: [HG1WF-2N96F] YANG model "ietf-inet-types@*" "*@*"not embedded, trying external file
2023/11/08 17:15:48 BGP: [T83RR-8SM5G] bgpd 8.1 starting: vty@2605, bgp@<all>:179
2023/11/08 19:11:41 BGP: [VCGF0-X62M1][EC 100663301] INTERFACE_STATE: Cannot find IF r310-eth1 in VRF 0
2023/11/08 19:11:42 BGP: [VCGF0-X62M1][EC 100663301] INTERFACE_STATE: Cannot find IF r310-eth0 in VRF 0
2023/11/08 19:11:50 BGP: [HG1WF-2N96F] YANG model "ietf-inet-types@*" "*@*"not embedded, trying external file
2023/11/08 19:11:50 BGP: [HG1WF-2N96F] YANG model "ietf-yang-types@*" "*@*"not embedded, trying external file
2023/11/08 19:11:50 BGP: [HG1WF-2N96F] YANG model "ietf-yang-types@*" "*@*"not embedded, trying external file
2023/11/08 19:11:50 BGP: [HG1WF-2N96F] YANG model "ietf-yang-types@*" "*@*"not embedded, trying external file
2023/11/08 19:11:50 BGP: [HG1WF-2N96F] YANG model "ietf-inet-types@*" "*@*"not embedded, trying external file
2023/11/08 19:11:50 BGP: [HG1WF-2N96F] YANG model "ietf-inet-types@*" "*@*"not embedded, trying external file
2023/11/08 19:11:50 BGP: [HG1WF-2N96F] YANG model "ietf-yang-types@*" "*@*"not embedded, trying external file
2023/11/08 19:11:50 BGP: [HG1WF-2N96F] YANG model "ietf-inet-types@*" "*@*"not embedded, trying external file
2023/11/08 19:11:50 BGP: [T83RR-8SM5G] bgpd 8.1 starting: vty@2605, bgp@<all>:179
2023/11/08 19:17:35 BGP: [VCGF0-X62M1][EC 100663301] INTERFACE_STATE: Cannot find IF r310-eth1 in VRF 0
2023/11/08 19:17:35 BGP: [VCGF0-X62M1][EC 100663301] INTERFACE_STATE: Cannot find IF r310-eth0 in VRF 0
2023/11/08 19:23:30 BGP: [HG1WF-2N96F] YANG model "ietf-inet-types@*" "*@*"not embedded, trying external file
2023/11/08 19:23:30 BGP: [HG1WF-2N96F] YANG model "ietf-yang-types@*" "*@*"not embedded, trying external file
2023/11/08 19:23:30 BGP: [HG1WF-2N96F] YANG model "ietf-yang-types@*" "*@*"not embedded, trying external file
2023/11/08 19:23:30 BGP: [HG1WF-2N96F] YANG model "ietf-yang-types@*" "*@*"not embedded, trying external file
2023/11/08 19:23:30 BGP: [HG1WF-2N96F] YANG model "ietf-inet-types@*" "*@*"not embedded, trying external file
2023/11/08 19:23:30 BGP: [HG1WF-2N96F] YANG model "ietf-inet-types@*" "*@*"not embedded, trying external file
2023/11/08 19:23:30 BGP: [HG1WF-2N96F] YANG model "ietf-yang-types@*" "*@*"not embedded, trying external file
2023/11/08 19:23:30 BGP: [HG1WF-2N96F] YANG model "ietf-inet-types@*" "*@*"not embedded, trying external file
2023/11/08 19:23:30 BGP: [T83RR-8SM5G] bgpd 8.1 starting: vty@2605, bgp@<all>:179
2023/11/08 19:23:32 BGP: [M59KS-A3ZXZ] bgp_update_receive: rcvd End-of-RIB for IPv4 Unicast from 172.17.2.0 in vrf default
2023/11/08 19:25:38 BGP: [VCGF0-X62M1][EC 100663301] INTERFACE_STATE: Cannot find IF r310-eth1 in VRF 0
2023/11/08 19:25:39 BGP: [VCGF0-X62M1][EC 100663301] INTERFACE_STATE: Cannot find IF r310-eth0 in VRF 0
2023/11/08 19:25:43 BGP: [HG1WF-2N96F] YANG model "ietf-inet-types@*" "*@*"not embedded, trying external file
2023/11/08 19:25:43 BGP: [HG1WF-2N96F] YANG model "ietf-yang-types@*" "*@*"not embedded, trying external file
2023/11/08 19:25:43 BGP: [HG1WF-2N96F] YANG model "ietf-yang-types@*" "*@*"not embedded, trying external file
2023/11/08 19:25:43 BGP: [HG1WF-2N96F] YANG model "ietf-yang-types@*" "*@*"not embedded, trying external file
2023/11/08 19:25:43 BGP: [HG1WF-2N96F] YANG model "ietf-inet-types@*" "*@*"not embedded, trying external file
2023/11/08 19:25:43 BGP: [HG1WF-2N96F] YANG model "ietf-inet-types@*" "*@*"not embedded, trying external file
2023/11/08 19:25:43 BGP: [HG1WF-2N96F] YANG model "ietf-yang-types@*" "*@*"not embedded, trying external file
2023/11/08 19:25:43 BGP: [HG1WF-2N96F] YANG model "ietf-inet-types@*" "*@*"not embedded, trying external file
2023/11/08 19:25:43 BGP: [T83RR-8SM5G] bgpd 8.1 starting: vty@2605, bgp@<all>:179
2023/11/08 19:25:45 BGP: [M59KS-A3ZXZ] bgp_update_receive: rcvd End-of-RIB for IPv4 Unicast from 172.17.2.0 in vrf default
2023/11/08 19:31:13 BGP: [VCGF0-X62M1][EC 100663301] INTERFACE_STATE: Cannot find IF r310-eth1 in VRF 0
2023/11/08 19:31:14 BGP: [VCGF0-X62M1][EC 100663301] INTERFACE_STATE: Cannot find IF r310-eth0 in VRF 0
2023/11/08 19:31:19 BGP: [HG1WF-2N96F] YANG model "ietf-inet-types@*" "*@*"not embedded, trying external file
2023/11/08 19:31:19 BGP: [HG1WF-2N96F] YANG model "ietf-yang-types@*" "*@*"not embedded, trying external file
2023/11/08 19:31:19 BGP: [HG1WF-2N96F] YANG model "ietf-yang-types@*" "*@*"not embedded, trying external file
2023/11/08 19:31:19 BGP: [HG1WF-2N96F] YANG model "ietf-yang-types@*" "*@*"not embedded, trying external file
2023/11/08 19:31:19 BGP: [HG1WF-2N96F] YANG model "ietf-inet-types@*" "*@*"not embedded, trying external file
2023/11/08 19:31:19 BGP: [HG1WF-2N96F] YANG model "ietf-inet-types@*" "*@*"not embedded, trying external file
2023/11/08 19:31:19 BGP: [HG1WF-2N96F] YANG model "ietf-yang-types@*" "*@*"not embedded, trying external file
2023/11/08 19:31:19 BGP: [HG1WF-2N96F] YANG model "ietf-inet-types@*" "*@*"not embedded, trying external file
2023/11/08 19:31:19 BGP: [T83RR-8SM5G] bgpd 8.1 starting: vty@2605, bgp@<all>:179
2023/11/08 19:31:21 BGP: [M59KS-A3ZXZ] bgp_update_receive: rcvd End-of-RIB for IPv4 Unicast from 172.17.2.0 in vrf default
2023/11/08 19:34:46 BGP: [VCGF0-X62M1][EC 100663301] INTERFACE_STATE: Cannot find IF r310-eth1 in VRF 0
2023/11/08 19:34:46 BGP: [VCGF0-X62M1][EC 100663301] INTERFACE_STATE: Cannot find IF r310-eth0 in VRF 0
2023/11/08 19:49:11 BGP: [HG1WF-2N96F] YANG model "ietf-inet-types@*" "*@*"not embedded, trying external file
2023/11/08 19:49:11 BGP: [HG1WF-2N96F] YANG model "ietf-yang-types@*" "*@*"not embedded, trying external file
2023/11/08 19:49:11 BGP: [HG1WF-2N96F] YANG model "ietf-yang-types@*" "*@*"not embedded, trying external file
2023/11/08 19:49:11 BGP: [HG1WF-2N96F] YANG model "ietf-yang-types@*" "*@*"not embedded, trying external file
2023/11/08 19:49:11 BGP: [HG1WF-2N96F] YANG model "ietf-inet-types@*" "*@*"not embedded, trying external file
2023/11/08 19:49:11 BGP: [HG1WF-2N96F] YANG model "ietf-inet-types@*" "*@*"not embedded, trying external file
2023/11/08 19:49:11 BGP: [HG1WF-2N96F] YANG model "ietf-yang-types@*" "*@*"not embedded, trying external file
2023/11/08 19:49:11 BGP: [HG1WF-2N96F] YANG model "ietf-inet-types@*" "*@*"not embedded, trying external file
2023/11/08 19:49:11 BGP: [T83RR-8SM5G] bgpd 8.1 starting: vty@2605, bgp@<all>:179
2023/11/08 19:49:13 BGP: [M59KS-A3ZXZ] bgp_update_receive: rcvd End-of-RIB for IPv4 Unicast from 172.17.2.0 in vrf default
2023/11/08 19:53:01 BGP: [VCGF0-X62M1][EC 100663301] INTERFACE_STATE: Cannot find IF r310-eth1 in VRF 0
2023/11/08 19:53:01 BGP: [KTE2S-GTBDA][EC 100663301] INTERFACE_ADDRESS_DEL: Cannot find IF 3 in VRF 0
2023/11/08 19:53:01 BGP: [VCGF0-X62M1][EC 100663301] INTERFACE_STATE: Cannot find IF r310-eth0 in VRF 0
2023/11/08 19:56:00 BGP: [HG1WF-2N96F] YANG model "ietf-inet-types@*" "*@*"not embedded, trying external file
2023/11/08 19:56:00 BGP: [HG1WF-2N96F] YANG model "ietf-yang-types@*" "*@*"not embedded, trying external file
2023/11/08 19:56:00 BGP: [HG1WF-2N96F] YANG model "ietf-yang-types@*" "*@*"not embedded, trying external file
2023/11/08 19:56:00 BGP: [HG1WF-2N96F] YANG model "ietf-yang-types@*" "*@*"not embedded, trying external file
2023/11/08 19:56:00 BGP: [HG1WF-2N96F] YANG model "ietf-inet-types@*" "*@*"not embedded, trying external file
2023/11/08 19:56:00 BGP: [HG1WF-2N96F] YANG model "ietf-inet-types@*" "*@*"not embedded, trying external file
2023/11/08 19:56:00 BGP: [HG1WF-2N96F] YANG model "ietf-yang-types@*" "*@*"not embedded, trying external file
2023/11/08 19:56:00 BGP: [HG1WF-2N96F] YANG model "ietf-inet-types@*" "*@*"not embedded, trying external file
2023/11/08 19:56:00 BGP: [T83RR-8SM5G] bgpd 8.1 starting: vty@2605, bgp@<all>:179
2023/11/08 19:56:02 BGP: [M59KS-A3ZXZ] bgp_update_receive: rcvd End-of-RIB for IPv4 Unicast from 172.17.2.0 in vrf default
2023/11/08 19:56:43 BGP: [VCGF0-X62M1][EC 100663301] INTERFACE_STATE: Cannot find IF r310-eth0 in VRF 0
2023/11/08 20:11:32 BGP: [HG1WF-2N96F] YANG model "ietf-inet-types@*" "*@*"not embedded, trying external file
2023/11/08 20:11:32 BGP: [HG1WF-2N96F] YANG model "ietf-yang-types@*" "*@*"not embedded, trying external file
2023/11/08 20:11:32 BGP: [HG1WF-2N96F] YANG model "ietf-yang-types@*" "*@*"not embedded, trying external file
2023/11/08 20:11:32 BGP: [HG1WF-2N96F] YANG model "ietf-yang-types@*" "*@*"not embedded, trying external file
2023/11/08 20:11:32 BGP: [HG1WF-2N96F] YANG model "ietf-inet-types@*" "*@*"not embedded, trying external file
2023/11/08 20:11:32 BGP: [HG1WF-2N96F] YANG model "ietf-inet-types@*" "*@*"not embedded, trying external file
2023/11/08 20:11:32 BGP: [HG1WF-2N96F] YANG model "ietf-yang-types@*" "*@*"not embedded, trying external file
2023/11/08 20:11:32 BGP: [HG1WF-2N96F] YANG model "ietf-inet-types@*" "*@*"not embedded, trying external file
2023/11/08 20:11:32 BGP: [T83RR-8SM5G] bgpd 8.1 starting: vty@2605, bgp@<all>:179
2023/11/08 20:11:33 BGP: [M59KS-A3ZXZ] bgp_update_receive: rcvd End-of-RIB for IPv4 Unicast from 172.17.2.0 in vrf default
2023/11/08 20:14:31 BGP: [VCGF0-X62M1][EC 100663301] INTERFACE_STATE: Cannot find IF r310-eth1 in VRF 0
2023/11/08 20:14:31 BGP: [VCGF0-X62M1][EC 100663301] INTERFACE_STATE: Cannot find IF r310-eth0 in VRF 0
2023/11/08 20:28:02 BGP: [HG1WF-2N96F] YANG model "ietf-inet-types@*" "*@*"not embedded, trying external file
2023/11/08 20:28:02 BGP: [HG1WF-2N96F] YANG model "ietf-yang-types@*" "*@*"not embedded, trying external file
2023/11/08 20:28:02 BGP: [HG1WF-2N96F] YANG model "ietf-yang-types@*" "*@*"not embedded, trying external file
2023/11/08 20:28:02 BGP: [HG1WF-2N96F] YANG model "ietf-yang-types@*" "*@*"not embedded, trying external file
2023/11/08 20:28:02 BGP: [HG1WF-2N96F] YANG model "ietf-inet-types@*" "*@*"not embedded, trying external file
2023/11/08 20:28:02 BGP: [HG1WF-2N96F] YANG model "ietf-inet-types@*" "*@*"not embedded, trying external file
2023/11/08 20:28:02 BGP: [HG1WF-2N96F] YANG model "ietf-yang-types@*" "*@*"not embedded, trying external file
2023/11/08 20:28:02 BGP: [HG1WF-2N96F] YANG model "ietf-inet-types@*" "*@*"not embedded, trying external file
2023/11/08 20:28:02 BGP: [T83RR-8SM5G] bgpd 8.1 starting: vty@2605, bgp@<all>:179
2023/11/08 20:28:04 BGP: [M59KS-A3ZXZ] bgp_update_receive: rcvd End-of-RIB for IPv4 Unicast from 172.17.2.0 in vrf default
2023/11/08 20:28:30 BGP: [VCGF0-X62M1][EC 100663301] INTERFACE_STATE: Cannot find IF r310-eth1 in VRF 0
2023/11/08 20:28:30 BGP: [VCGF0-X62M1][EC 100663301] INTERFACE_STATE: Cannot find IF r310-eth0 in VRF 0
2023/11/08 20:28:38 BGP: [HG1WF-2N96F] YANG model "ietf-inet-types@*" "*@*"not embedded, trying external file
2023/11/08 20:28:38 BGP: [HG1WF-2N96F] YANG model "ietf-yang-types@*" "*@*"not embedded, trying external file
2023/11/08 20:28:38 BGP: [HG1WF-2N96F] YANG model "ietf-yang-types@*" "*@*"not embedded, trying external file
2023/11/08 20:28:38 BGP: [HG1WF-2N96F] YANG model "ietf-yang-types@*" "*@*"not embedded, trying external file
2023/11/08 20:28:38 BGP: [HG1WF-2N96F] YANG model "ietf-inet-types@*" "*@*"not embedded, trying external file
2023/11/08 20:28:38 BGP: [HG1WF-2N96F] YANG model "ietf-inet-types@*" "*@*"not embedded, trying external file
2023/11/08 20:28:38 BGP: [HG1WF-2N96F] YANG model "ietf-yang-types@*" "*@*"not embedded, trying external file
2023/11/08 20:28:38 BGP: [HG1WF-2N96F] YANG model "ietf-inet-types@*" "*@*"not embedded, trying external file
2023/11/08 20:28:38 BGP: [T83RR-8SM5G] bgpd 8.1 starting: vty@2605, bgp@<all>:179
2023/11/08 20:28:40 BGP: [M59KS-A3ZXZ] bgp_update_receive: rcvd End-of-RIB for IPv4 Unicast from 172.17.2.0 in vrf default
2023/11/08 20:29:51 BGP: [VCGF0-X62M1][EC 100663301] INTERFACE_STATE: Cannot find IF r310-eth0 in VRF 0
2023/11/08 20:38:18 BGP: [HG1WF-2N96F] YANG model "ietf-inet-types@*" "*@*"not embedded, trying external file
2023/11/08 20:38:18 BGP: [HG1WF-2N96F] YANG model "ietf-yang-types@*" "*@*"not embedded, trying external file
2023/11/08 20:38:18 BGP: [HG1WF-2N96F] YANG model "ietf-yang-types@*" "*@*"not embedded, trying external file
2023/11/08 20:38:18 BGP: [HG1WF-2N96F] YANG model "ietf-yang-types@*" "*@*"not embedded, trying external file
2023/11/08 20:38:18 BGP: [HG1WF-2N96F] YANG model "ietf-inet-types@*" "*@*"not embedded, trying external file
2023/11/08 20:38:18 BGP: [HG1WF-2N96F] YANG model "ietf-inet-types@*" "*@*"not embedded, trying external file
2023/11/08 20:38:18 BGP: [HG1WF-2N96F] YANG model "ietf-yang-types@*" "*@*"not embedded, trying external file
2023/11/08 20:38:18 BGP: [HG1WF-2N96F] YANG model "ietf-inet-types@*" "*@*"not embedded, trying external file
2023/11/08 20:38:18 BGP: [T83RR-8SM5G] bgpd 8.1 starting: vty@2605, bgp@<all>:179
2023/11/08 20:38:19 BGP: [M59KS-A3ZXZ] bgp_update_receive: rcvd End-of-RIB for IPv4 Unicast from 172.17.2.0 in vrf default
2023/11/08 20:38:55 BGP: [VCGF0-X62M1][EC 100663301] INTERFACE_STATE: Cannot find IF r310-eth0 in VRF 0
2023/11/08 20:59:15 BGP: [HG1WF-2N96F] YANG model "ietf-inet-types@*" "*@*"not embedded, trying external file
2023/11/08 20:59:15 BGP: [HG1WF-2N96F] YANG model "ietf-yang-types@*" "*@*"not embedded, trying external file
2023/11/08 20:59:15 BGP: [HG1WF-2N96F] YANG model "ietf-yang-types@*" "*@*"not embedded, trying external file
2023/11/08 20:59:15 BGP: [HG1WF-2N96F] YANG model "ietf-yang-types@*" "*@*"not embedded, trying external file
2023/11/08 20:59:15 BGP: [HG1WF-2N96F] YANG model "ietf-inet-types@*" "*@*"not embedded, trying external file
2023/11/08 20:59:15 BGP: [HG1WF-2N96F] YANG model "ietf-inet-types@*" "*@*"not embedded, trying external file
2023/11/08 20:59:15 BGP: [HG1WF-2N96F] YANG model "ietf-yang-types@*" "*@*"not embedded, trying external file
2023/11/08 20:59:15 BGP: [HG1WF-2N96F] YANG model "ietf-inet-types@*" "*@*"not embedded, trying external file
2023/11/08 20:59:15 BGP: [T83RR-8SM5G] bgpd 8.1 starting: vty@2605, bgp@<all>:179
2023/11/08 20:59:17 BGP: [M59KS-A3ZXZ] bgp_update_receive: rcvd End-of-RIB for IPv4 Unicast from 172.17.2.0 in vrf default
2023/11/08 21:17:31 BGP: [VCGF0-X62M1][EC 100663301] INTERFACE_STATE: Cannot find IF r310-eth1 in VRF 0
2023/11/08 21:17:31 BGP: [VCGF0-X62M1][EC 100663301] INTERFACE_STATE: Cannot find IF r310-eth0 in VRF 0
2023/11/08 21:17:39 BGP: [HG1WF-2N96F] YANG model "ietf-inet-types@*" "*@*"not embedded, trying external file
2023/11/08 21:17:39 BGP: [HG1WF-2N96F] YANG model "ietf-yang-types@*" "*@*"not embedded, trying external file
2023/11/08 21:17:39 BGP: [HG1WF-2N96F] YANG model "ietf-yang-types@*" "*@*"not embedded, trying external file
2023/11/08 21:17:39 BGP: [HG1WF-2N96F] YANG model "ietf-yang-types@*" "*@*"not embedded, trying external file
2023/11/08 21:17:39 BGP: [HG1WF-2N96F] YANG model "ietf-inet-types@*" "*@*"not embedded, trying external file
2023/11/08 21:17:39 BGP: [HG1WF-2N96F] YANG model "ietf-inet-types@*" "*@*"not embedded, trying external file
2023/11/08 21:17:39 BGP: [HG1WF-2N96F] YANG model "ietf-yang-types@*" "*@*"not embedded, trying external file
2023/11/08 21:17:39 BGP: [HG1WF-2N96F] YANG model "ietf-inet-types@*" "*@*"not embedded, trying external file
2023/11/08 21:17:39 BGP: [T83RR-8SM5G] bgpd 8.1 starting: vty@2605, bgp@<all>:179
2023/11/08 21:17:41 BGP: [M59KS-A3ZXZ] bgp_update_receive: rcvd End-of-RIB for IPv4 Unicast from 172.17.2.0 in vrf default
2023/11/08 21:19:09 BGP: [VCGF0-X62M1][EC 100663301] INTERFACE_STATE: Cannot find IF r310-eth0 in VRF 0
2023/11/08 21:19:30 BGP: [HG1WF-2N96F] YANG model "ietf-inet-types@*" "*@*"not embedded, trying external file
2023/11/08 21:19:30 BGP: [HG1WF-2N96F] YANG model "ietf-yang-types@*" "*@*"not embedded, trying external file
2023/11/08 21:19:30 BGP: [HG1WF-2N96F] YANG model "ietf-yang-types@*" "*@*"not embedded, trying external file
2023/11/08 21:19:30 BGP: [HG1WF-2N96F] YANG model "ietf-yang-types@*" "*@*"not embedded, trying external file
2023/11/08 21:19:30 BGP: [HG1WF-2N96F] YANG model "ietf-inet-types@*" "*@*"not embedded, trying external file
2023/11/08 21:19:30 BGP: [HG1WF-2N96F] YANG model "ietf-inet-types@*" "*@*"not embedded, trying external file
2023/11/08 21:19:30 BGP: [HG1WF-2N96F] YANG model "ietf-yang-types@*" "*@*"not embedded, trying external file
2023/11/08 21:19:30 BGP: [HG1WF-2N96F] YANG model "ietf-inet-types@*" "*@*"not embedded, trying external file
2023/11/08 21:19:30 BGP: [T83RR-8SM5G] bgpd 8.1 starting: vty@2605, bgp@<all>:179
2023/11/08 21:19:32 BGP: [M59KS-A3ZXZ] bgp_update_receive: rcvd End-of-RIB for IPv4 Unicast from 172.17.2.0 in vrf default
2023/11/08 21:20:49 BGP: [VCGF0-X62M1][EC 100663301] INTERFACE_STATE: Cannot find IF r310-eth0 in VRF 0
2023/11/08 21:21:25 BGP: [HG1WF-2N96F] YANG model "ietf-inet-types@*" "*@*"not embedded, trying external file
2023/11/08 21:21:25 BGP: [HG1WF-2N96F] YANG model "ietf-yang-types@*" "*@*"not embedded, trying external file
2023/11/08 21:21:25 BGP: [HG1WF-2N96F] YANG model "ietf-yang-types@*" "*@*"not embedded, trying external file
2023/11/08 21:21:25 BGP: [HG1WF-2N96F] YANG model "ietf-yang-types@*" "*@*"not embedded, trying external file
2023/11/08 21:21:25 BGP: [HG1WF-2N96F] YANG model "ietf-inet-types@*" "*@*"not embedded, trying external file
2023/11/08 21:21:25 BGP: [HG1WF-2N96F] YANG model "ietf-inet-types@*" "*@*"not embedded, trying external file
2023/11/08 21:21:25 BGP: [HG1WF-2N96F] YANG model "ietf-yang-types@*" "*@*"not embedded, trying external file
2023/11/08 21:21:25 BGP: [HG1WF-2N96F] YANG model "ietf-inet-types@*" "*@*"not embedded, trying external file
2023/11/08 21:21:25 BGP: [T83RR-8SM5G] bgpd 8.1 starting: vty@2605, bgp@<all>:179
2023/11/08 21:21:27 BGP: [M59KS-A3ZXZ] bgp_update_receive: rcvd End-of-RIB for IPv4 Unicast from 172.17.2.0 in vrf default
2023/11/08 21:21:33 BGP: [VCGF0-X62M1][EC 100663301] INTERFACE_STATE: Cannot find IF r310-eth0 in VRF 0
2023/11/08 21:27:15 BGP: [HG1WF-2N96F] YANG model "ietf-inet-types@*" "*@*"not embedded, trying external file
2023/11/08 21:27:15 BGP: [HG1WF-2N96F] YANG model "ietf-yang-types@*" "*@*"not embedded, trying external file
2023/11/08 21:27:15 BGP: [HG1WF-2N96F] YANG model "ietf-yang-types@*" "*@*"not embedded, trying external file
2023/11/08 21:27:15 BGP: [HG1WF-2N96F] YANG model "ietf-yang-types@*" "*@*"not embedded, trying external file
2023/11/08 21:27:15 BGP: [HG1WF-2N96F] YANG model "ietf-inet-types@*" "*@*"not embedded, trying external file
2023/11/08 21:27:15 BGP: [HG1WF-2N96F] YANG model "ietf-inet-types@*" "*@*"not embedded, trying external file
2023/11/08 21:27:15 BGP: [HG1WF-2N96F] YANG model "ietf-yang-types@*" "*@*"not embedded, trying external file
2023/11/08 21:27:15 BGP: [HG1WF-2N96F] YANG model "ietf-inet-types@*" "*@*"not embedded, trying external file
2023/11/08 21:27:15 BGP: [T83RR-8SM5G] bgpd 8.1 starting: vty@2605, bgp@<all>:179
2023/11/08 21:27:17 BGP: [M59KS-A3ZXZ] bgp_update_receive: rcvd End-of-RIB for IPv4 Unicast from 172.17.2.0 in vrf default
2023/11/08 21:27:38 BGP: [VCGF0-X62M1][EC 100663301] INTERFACE_STATE: Cannot find IF r310-eth0 in VRF 0
